#
# A fatal error has been detected by the Java Runtime Environment:
#
#  SIGSEGV (0xb) at pc=0x00007fffb0714b5d, pid=12296, tid=2059
#
# JRE version: Java(TM) SE Runtime Environment (8.0_77-b03) (build 1.8.0_77-b03)
# Java VM: Java HotSpot(TM) 64-Bit Server VM (25.77-b03 mixed mode bsd-amd64 compressed oops)
# Problematic frame:
# C  [libobjc.A.dylib+0x6b5d]  objc_msgSend+0x1d
#
# Failed to write core dump. Core dumps have been disabled. To enable core dumping, try "ulimit -c unlimited" before starting Java again
#
# If you would like to submit a bug report, please visit:
#   http://bugreport.java.com/bugreport/crash.jsp
# The crash happened outside the Java Virtual Machine in native code.
# See problematic frame for where to report the bug.
#

---------------  T H R E A D  ---------------

Current thread (0x00007fcc0fa45800):  JavaThread "AppKit Thread" daemon [_thread_in_native, id=2059, stack(0x00007fff581b1000,0x00007fff589b1000)]

siginfo: si_signo: 11 (SIGSEGV), si_code: 1 (SEGV_MAPERR), si_addr: 0x000007fcc0f655f8

Registers:
RAX=0x00007fcc0f692ca0, RBX=0x00007fcc0f56a010, RCX=0x00007fcc0f681920, RDX=0x00007fcc0f692ca0
RSP=0x00007fff589abeb8, RBP=0x00007fff589abec0, RSI=0x00007fff9a7ef6ee, RDI=0x00007fcc0f681920
R8 =0x000000000000003f, R9 =0x00007fcc0f56a710, R10=0x000007fcc0f655e0, R11=0x00007fff9a7ef6ee
R12=0x0000000000000000, R13=0x00007fcc0f56a710, R14=0x00007fcc0f692ca0, R15=0x0000000000000000
RIP=0x00007fffb0714b5d, EFLAGS=0x0000000000010202, ERR=0x0000000000000004
  TRAPNO=0x000000000000000e

Top of Stack: (sp=0x00007fff589abeb8)
0x00007fff589abeb8:   00007fff9bfd663c 00007fff589abf30
0x00007fff589abec8:   00007fff9bfd653b 0000000000000000
0x00007fff589abed8:   00007fffb9cd5060 00000000c2000000
0x00007fff589abee8:   00007fff9bfd6590 00007fffb66da680
0x00007fff589abef8:   00007fcc0f56a710 00007fcc0f692ca0
0x00007fff589abf08:   00007fff589ac6f8 00007fffb0714b40
0x00007fff589abf18:   00007fff589ac000 00007fcc0f56a710
0x00007fff589abf28:   00007fff9a78e9f2 00007fff589abf70
0x00007fff589abf38:   00007fff9bfd62a2 00007fff589ac540
0x00007fff589abf48:   0000000000000001 00007fffb0714b40
0x00007fff589abf58:   00007fff589ac000 00007fff589ac6f8
0x00007fff589abf68:   00007fff9a78e9f2 00007fff589ac690
0x00007fff589abf78:   00007fff9bf939a3 00007fcc0f600000
0x00007fff589abf88:   0000000000000000 000000010726ea00
0x00007fff589abf98:   0000000000000004 00007fcc0f616ee0
0x00007fff589abfa8:   00007fffb66dbcb0 0000000000000000
0x00007fff589abfb8:   00007fcc110470b8 00007fcc0f616e01
0x00007fff589abfc8:   00007fcc0f486b50 00007fffb680df10
0x00007fff589abfd8:   0000000000000000 0000000000000000
0x00007fff589abfe8:   0000000000000000 00007fcc0f5504b0
0x00007fff589abff8:   00007fffb671a860 00007fff589ac540
0x00007fff589ac008:   0000000000000002 0000000000000100
0x00007fff589ac018:   00007fffb9c45400 00007fff589ac440
0x00007fff589ac028:   0000000000000000 0000000000000100
0x00007fff589ac038:   00007fcc0f67cc00 00007fff589ac070
0x00007fff589ac048:   00007fff9bfd6eec ffff8033f0983350
0x00007fff589ac058:   00007fcc0f67ccb0 00007fffb680b468
0x00007fff589ac068:   00007fcc0f67ccb0 00007fff589ac0a0
0x00007fff589ac078:   00007fff9bfd6f38 ffff8033f0983350
0x00007fff589ac088:   00007fcc0f67ccb0 00007fffb680b6e8
0x00007fff589ac098:   00007fcc0f67ccb0 00007fff589ac0d0
0x00007fff589ac0a8:   00007fff9bfd701b 0000000000000900 

Instructions: (pc=0x00007fffb0714b5d)
0x00007fffb0714b3d:   0f 1f 00 48 85 ff 2e 74 62 40 f6 c7 01 2e 75 66
0x00007fffb0714b4d:   49 ba f8 ff ff ff ff 7f 00 00 4c 23 17 49 89 f3
0x00007fffb0714b5d:   45 23 5a 18 49 c1 e3 04 4d 03 5a 10 49 3b 33 75
0x00007fffb0714b6d:   04 41 ff 63 08 49 83 3b 01 76 0d 49 83 c3 10 49 

Register to memory mapping:

RAX=0x00007fcc0f692ca0 is an unknown value
RBX=0x00007fcc0f56a010 is an unknown value
RCX=0x00007fcc0f681920 is an unknown value
RDX=0x00007fcc0f692ca0 is an unknown value
RSP=0x00007fff589abeb8 is pointing into the stack for thread: 0x00007fcc0fa45800
RBP=0x00007fff589abec0 is pointing into the stack for thread: 0x00007fcc0fa45800
RSI=0x00007fff9a7ef6ee: __NSStyleNameIndexTable+0xcda01 in /System/Library/Frameworks/AppKit.framework/Versions/C/AppKit at 0x00007fff99c11000
RDI=0x00007fcc0f681920 is an unknown value
R8 =0x000000000000003f is an unknown value
R9 =0x00007fcc0f56a710 is an unknown value
R10=0x000007fcc0f655e0 is an unknown value
R11=0x00007fff9a7ef6ee: __NSStyleNameIndexTable+0xcda01 in /System/Library/Frameworks/AppKit.framework/Versions/C/AppKit at 0x00007fff99c11000
R12=0x0000000000000000 is an unknown value
R13=0x00007fcc0f56a710 is an unknown value
R14=0x00007fcc0f692ca0 is an unknown value
R15=0x0000000000000000 is an unknown value


Stack: [0x00007fff581b1000,0x00007fff589b1000],  sp=0x00007fff589abeb8,  free space=8171k
Native frames: (J=compiled Java code, j=interpreted, Vv=VM code, C=native code)
C  [libobjc.A.dylib+0x6b5d]  objc_msgSend+0x1d
C  [CoreFoundation+0x9d53b]  _CFXRegistrationPost+0x1ab
C  [CoreFoundation+0x9d2a2]  ___CFXNotificationPost_block_invoke+0x32
C  [CoreFoundation+0x5a9a3]  -[_CFXNotificationRegistrar find:object:observer:enumerator:]+0x723
C  [CoreFoundation+0x599dc]  _CFXNotificationPost+0x25c
C  [Foundation+0x70e3]  -[NSNotificationCenter postNotificationName:object:userInfo:]+0x42
C  [AppKit+0x24f75a]  -[NSSurface _disposeSurface]+0x98
C  [AppKit+0x24f309]  -[NSSurface setWindow:]+0x35
C  [AppKit+0x292a0]  -[NSView _setWindow:]+0xa0f
C  [AppKit+0x2bed4]  -[NSView removeFromSuperview]+0x1d1
C  [AppKit+0x14cf85]  -[NSView removeFromSuperviewWithoutNeedingDisplay]+0x26
C  [liblwjgl.dylib+0xa205]  +[MacOSXKeyableWindow destroyWindow]+0xb5
C  [Foundation+0x71f2a]  __NSThreadPerformPerform+0x146
C  [CoreFoundation+0xa7551]  __CFRUNLOOP_IS_CALLING_OUT_TO_A_SOURCE0_PERFORM_FUNCTION__+0x11
C  [CoreFoundation+0x886bd]  __CFRunLoopDoSources0+0x22d
C  [CoreFoundation+0x87bb6]  __CFRunLoopRun+0x3a6
C  [CoreFoundation+0x875b4]  CFRunLoopRunSpecific+0x1a4
C  [HIToolbox+0x30f6c]  RunCurrentEventLoopInMode+0xf0
C  [HIToolbox+0x30da1]  ReceiveNextEventCommon+0x1b0
C  [HIToolbox+0x30bd6]  _BlockUntilNextEventMatchingListInModeWithFilter+0x47
C  [AppKit+0x475f5]  _DPSNextEvent+0x445
C  [AppKit+0x7578eb]  -[NSApplication(NSEvent) _nextEventMatchingEventMask:untilDate:inMode:dequeue:]+0x665
C  [libosxapp.dylib+0x23aa]  -[NSApplicationAWT nextEventMatchingMask:untilDate:inMode:dequeue:]+0x7c
C  [AppKit+0x3bfbd]  -[NSApplication run]+0x39e
C  [libosxapp.dylib+0x214d]  +[NSApplicationAWT runAWTLoopWithApp:]+0x9c
C  [libawt_lwawt.dylib+0x4455b]  -[AWTStarter starter:]+0x389
C  [Foundation+0x71f2a]  __NSThreadPerformPerform+0x146
C  [CoreFoundation+0xa7551]  __CFRUNLOOP_IS_CALLING_OUT_TO_A_SOURCE0_PERFORM_FUNCTION__+0x11
C  [CoreFoundation+0x886bd]  __CFRunLoopDoSources0+0x22d
C  [CoreFoundation+0x87bb6]  __CFRunLoopRun+0x3a6
C  [CoreFoundation+0x875b4]  CFRunLoopRunSpecific+0x1a4
C  [java+0x6463]  CreateExecutionEnvironment+0x367
C  [java+0x21ac]  JLI_Launch+0x7a0
C  [java+0x84c0]  main+0x65
C  [java+0x1a04]  start+0x34
C  0x0000000000000006


---------------  P R O C E S S  ---------------

Java Threads: ( => current thread )
  0x00007fcc0fab1000 JavaThread "AWT-Shutdown" [_thread_blocked, id=60047, stack(0x000070000b69c000,0x000070000b79c000)]
=>0x00007fcc0fa45800 JavaThread "AppKit Thread" daemon [_thread_in_native, id=2059, stack(0x00007fff581b1000,0x00007fff589b1000)]
  0x00007fcc10810800 JavaThread "Service Thread" daemon [_thread_blocked, id=18691, stack(0x000070000c3c6000,0x000070000c4c6000)]
  0x00007fcc1101d000 JavaThread "C1 CompilerThread2" daemon [_thread_blocked, id=18179, stack(0x000070000c2c3000,0x000070000c3c3000)]
  0x00007fcc10028000 JavaThread "C2 CompilerThread1" daemon [_thread_blocked, id=17667, stack(0x000070000c1c0000,0x000070000c2c0000)]
  0x00007fcc11025000 JavaThread "C2 CompilerThread0" daemon [_thread_blocked, id=17155, stack(0x000070000c0bd000,0x000070000c1bd000)]
  0x00007fcc1080a000 JavaThread "Signal Dispatcher" daemon [_thread_blocked, id=16643, stack(0x000070000bfba000,0x000070000c0ba000)]
  0x00007fcc0f816000 JavaThread "Finalizer" daemon [_thread_blocked, id=12547, stack(0x000070000beb7000,0x000070000bfb7000)]
  0x00007fcc11004000 JavaThread "Reference Handler" daemon [_thread_blocked, id=12035, stack(0x000070000bdb4000,0x000070000beb4000)]
  0x00007fcc0f808800 JavaThread "main" [_thread_in_native, id=7171, stack(0x000070000b7a2000,0x000070000b8a2000)]

Other Threads:
  0x00007fcc10833800 VMThread [stack: 0x000070000bcb1000,0x000070000bdb1000] [id=11523]
  0x00007fcc0f820800 WatcherThread [stack: 0x000070000c4c9000,0x000070000c5c9000] [id=19203]

VM state:not at safepoint (normal execution)

VM Mutex/Monitor currently owned by a thread: None

Heap:
 PSYoungGen      total 38400K, used 4776K [0x0000000795580000, 0x0000000798000000, 0x00000007c0000000)
  eden space 33280K, 9% used [0x0000000795580000,0x00000007958b1240,0x0000000797600000)
  from space 5120K, 29% used [0x0000000797600000,0x0000000797778fc8,0x0000000797b00000)
  to   space 5120K, 0% used [0x0000000797b00000,0x0000000797b00000,0x0000000798000000)
 ParOldGen       total 87552K, used 16K [0x0000000740000000, 0x0000000745580000, 0x0000000795580000)
  object space 87552K, 0% used [0x0000000740000000,0x0000000740004000,0x0000000745580000)
 Metaspace       used 6652K, capacity 6775K, committed 6912K, reserved 1056768K
  class space    used 694K, capacity 760K, committed 768K, reserved 1048576K

Card table byte_map: [0x0000000108fc0000,0x00000001093c1000] byte_map_base: 0x00000001055c0000

Marking Bits: (ParMarkBitMap*) 0x0000000107bafea0
 Begin Bits: [0x000000010966c000, 0x000000010b66c000)
 End Bits:   [0x000000010b66c000, 0x000000010d66c000)

Polling page: 0x000000010829e000

CodeCache: size=245760Kb used=2288Kb max_used=2299Kb free=243471Kb
 bounds [0x0000000116807000, 0x0000000116a77000, 0x0000000125807000]
 total_blobs=964 nmethods=599 adapters=279
 compilation: enabled

Compilation events (10 events):
Event: 6.917 Thread 0x00007fcc11025000  597   !   4       program.pkg2.Program2::render (162 bytes)
Event: 6.985 Thread 0x00007fcc11025000 nmethod 597 0x0000000116a45550 code [0x0000000116a458c0, 0x0000000116a47888]
Event: 9.371 Thread 0x00007fcc1101d000  598  s    3       org.lwjgl.opengl.EventQueue::putEvent (80 bytes)
Event: 9.372 Thread 0x00007fcc1101d000 nmethod 598 0x0000000116a43b90 code [0x0000000116a43de0, 0x0000000116a44ea8]
Event: 16.749 Thread 0x00007fcc10028000  599       4       java.nio.Buffer::nextPutIndex (38 bytes)
Event: 16.751 Thread 0x00007fcc10028000 nmethod 599 0x0000000116a42410 code [0x0000000116a42560, 0x0000000116a425f8]
Event: 17.085 Thread 0x00007fcc11025000  600       4       sun.awt.AWTAutoShutdown::isReadyToShutdown (37 bytes)
Event: 17.088 Thread 0x00007fcc11025000 nmethod 600 0x0000000116a41fd0 code [0x0000000116a42140, 0x0000000116a42278]
Event: 20.849 Thread 0x00007fcc10028000  601       4       java.nio.DirectByteBuffer::put (18 bytes)
Event: 20.850 Thread 0x00007fcc10028000 nmethod 601 0x0000000116a3c210 code [0x0000000116a3c360, 0x0000000116a3c418]

GC Heap History (2 events):
Event: 6.771 GC heap before
{Heap before GC invocations=1 (full 0):
 PSYoungGen      total 38400K, used 33280K [0x0000000795580000, 0x0000000798000000, 0x00000007c0000000)
  eden space 33280K, 100% used [0x0000000795580000,0x0000000797600000,0x0000000797600000)
  from space 5120K, 0% used [0x0000000797b00000,0x0000000797b00000,0x0000000798000000)
  to   space 5120K, 0% used [0x0000000797600000,0x0000000797600000,0x0000000797b00000)
 ParOldGen       total 87552K, used 0K [0x0000000740000000, 0x0000000745580000, 0x0000000795580000)
  object space 87552K, 0% used [0x0000000740000000,0x0000000740000000,0x0000000745580000)
 Metaspace       used 6644K, capacity 6775K, committed 6912K, reserved 1056768K
  class space    used 693K, capacity 760K, committed 768K, reserved 1048576K
Event: 6.777 GC heap after
Heap after GC invocations=1 (full 0):
 PSYoungGen      total 38400K, used 1507K [0x0000000795580000, 0x0000000798000000, 0x00000007c0000000)
  eden space 33280K, 0% used [0x0000000795580000,0x0000000795580000,0x0000000797600000)
  from space 5120K, 29% used [0x0000000797600000,0x0000000797778fc8,0x0000000797b00000)
  to   space 5120K, 0% used [0x0000000797b00000,0x0000000797b00000,0x0000000798000000)
 ParOldGen       total 87552K, used 16K [0x0000000740000000, 0x0000000745580000, 0x0000000795580000)
  object space 87552K, 0% used [0x0000000740000000,0x0000000740004000,0x0000000745580000)
 Metaspace       used 6644K, capacity 6775K, committed 6912K, reserved 1056768K
  class space    used 693K, capacity 760K, committed 768K, reserved 1048576K
}

Deoptimization events (8 events):
Event: 2.949 Thread 0x00007fcc0f808800 Uncommon trap: reason=unstable_if action=reinterpret pc=0x0000000116a0f4c0 method=java.io.PrintStream.write(Ljava/lang/String;)V @ 43
Event: 2.949 Thread 0x00007fcc0f808800 Uncommon trap: reason=unstable_if action=reinterpret pc=0x00000001169fc420 method=java.io.BufferedOutputStream.write([BII)V @ 6
Event: 2.950 Thread 0x00007fcc0f808800 Uncommon trap: reason=unstable_if action=reinterpret pc=0x0000000116a0aac0 method=java.io.PrintStream.write(Ljava/lang/String;)V @ 43
Event: 3.491 Thread 0x00007fcc0f808800 Uncommon trap: reason=unstable_if action=reinterpret pc=0x0000000116a05f80 method=java.io.BufferedOutputStream.write([BII)V @ 6
Event: 7.505 Thread 0x00007fcc0fab1000 Uncommon trap: reason=unstable_if action=reinterpret pc=0x0000000116a28c78 method=java.util.HashMap.keySet()Ljava/util/Set; @ 6
Event: 7.506 Thread 0x00007fcc0fab1000 Uncommon trap: reason=unstable_if action=reinterpret pc=0x0000000116a2b6b0 method=java.util.HashMap$HashIterator.<init>(Ljava/util/HashMap;)V @ 38
Event: 7.506 Thread 0x00007fcc0fab1000 Uncommon trap: reason=unstable_if action=reinterpret pc=0x0000000116a2a634 method=java.util.HashMap$HashIterator.hasNext()Z @ 4
Event: 20.798 Thread 0x00007fcc0f808800 Uncommon trap: reason=unstable_if action=reinterpret pc=0x0000000116a3f324 method=program.pkg2.Program2.render()V @ 25

Internal exceptions (10 events):
Event: 0.036 Thread 0x00007fcc0f808800 Exception <a 'java/lang/NoSuchMethodError': Method sun.misc.Unsafe.prefetchRead(Ljava/lang/Object;J)V name or signature does not match> (0x0000000795587fa8) thrown at [/Users/java_re/workspace/8-2-build-macosx-x86_64/jdk8u77/6540/hotspot/src/share/vm/prim
Event: 0.158 Thread 0x00007fcc0f808800 Exception <a 'java/security/PrivilegedActionException'> (0x0000000795735fc0) thrown at [/Users/java_re/workspace/8-2-build-macosx-x86_64/jdk8u77/6540/hotspot/src/share/vm/prims/jvm.cpp, line 1386]
Event: 0.158 Thread 0x00007fcc0f808800 Exception <a 'java/security/PrivilegedActionException'> (0x00000007957361d0) thrown at [/Users/java_re/workspace/8-2-build-macosx-x86_64/jdk8u77/6540/hotspot/src/share/vm/prims/jvm.cpp, line 1386]
Event: 0.158 Thread 0x00007fcc0f808800 Exception <a 'java/security/PrivilegedActionException'> (0x0000000795739658) thrown at [/Users/java_re/workspace/8-2-build-macosx-x86_64/jdk8u77/6540/hotspot/src/share/vm/prims/jvm.cpp, line 1386]
Event: 0.159 Thread 0x00007fcc0f808800 Exception <a 'java/security/PrivilegedActionException'> (0x0000000795739868) thrown at [/Users/java_re/workspace/8-2-build-macosx-x86_64/jdk8u77/6540/hotspot/src/share/vm/prims/jvm.cpp, line 1386]
Event: 0.218 Thread 0x00007fcc0f808800 Exception <a 'java/lang/NoSuchFieldError': method resolution failed> (0x0000000795806e90) thrown at [/Users/java_re/workspace/8-2-build-macosx-x86_64/jdk8u77/6540/hotspot/src/share/vm/prims/methodHandles.cpp, line 1146]
Event: 0.220 Thread 0x00007fcc0f808800 Exception <a 'java/lang/NoSuchFieldError': method resolution failed> (0x00000007958145e0) thrown at [/Users/java_re/workspace/8-2-build-macosx-x86_64/jdk8u77/6540/hotspot/src/share/vm/prims/methodHandles.cpp, line 1146]
Event: 0.543 Thread 0x00007fcc0f808800 Exception <a 'java/io/FileNotFoundException'> (0x000000079588fc50) thrown at [/Users/java_re/workspace/8-2-build-macosx-x86_64/jdk8u77/6540/hotspot/src/share/vm/prims/jni.cpp, line 709]
Event: 0.544 Thread 0x00007fcc0f808800 Exception <a 'java/io/FileNotFoundException'> (0x00000007958907b8) thrown at [/Users/java_re/workspace/8-2-build-macosx-x86_64/jdk8u77/6540/hotspot/src/share/vm/prims/jni.cpp, line 709]
Event: 7.506 Thread 0x00007fcc0fab1000 Implicit null exception at 0x0000000116a2b495 to 0x0000000116a2b695

Events (10 events):
Event: 7.507 Thread 0x00007fcc0fab1000 DEOPT UNPACKING pc=0x000000011680c229 sp=0x000070000c74e788 mode 2
Event: 7.507 Executing VM operation: RevokeBias
Event: 7.507 Executing VM operation: RevokeBias done
Event: 7.507 Thread 0x00007fcc0fab1000 Thread exited: 0x00007fcc0fab1000
Event: 9.190 Thread 0x00007fcc0fab1000 Thread added: 0x00007fcc0fab1000
Event: 20.798 Thread 0x00007fcc0f808800 Uncommon trap: trap_request=0xffffff65 fr.pc=0x0000000116a3f324
Event: 20.798 Thread 0x00007fcc0f808800 DEOPT PACKING pc=0x0000000116a3f324 sp=0x000070000b8a17c0
Event: 20.798 Thread 0x00007fcc0f808800 DEOPT UNPACKING pc=0x000000011680c229 sp=0x000070000b8a17f0 mode 2
Event: 20.846 loading class org/lwjgl/opengl/CallbackUtil
Event: 20.846 loading class org/lwjgl/opengl/CallbackUtil done


Dynamic libraries:
0x0000000026dc4000 	/System/Library/Frameworks/Cocoa.framework/Versions/A/Cocoa
0x0000000026dc4000 	/System/Library/Frameworks/Security.framework/Versions/A/Security
0x0000000026dc4000 	/System/Library/Frameworks/ApplicationServices.framework/Versions/A/ApplicationServices
0x0000000026dc4000 	/usr/lib/libz.1.dylib
0x0000000026dc4000 	/usr/lib/libSystem.B.dylib
0x0000000026dc4000 	/usr/lib/libobjc.A.dylib
0x0000000026dc4000 	/System/Library/Frameworks/CoreFoundation.framework/Versions/A/CoreFoundation
0x0000000026dc4000 	/System/Library/Frameworks/Foundation.framework/Versions/C/Foundation
0x0000000026dc4000 	/System/Library/Frameworks/AppKit.framework/Versions/C/AppKit
0x0000000026dc4000 	/System/Library/Frameworks/CoreData.framework/Versions/A/CoreData
0x0000000026dc4000 	/System/Library/PrivateFrameworks/RemoteViewServices.framework/Versions/A/RemoteViewServices
0x0000000026dc4000 	/System/Library/PrivateFrameworks/UIFoundation.framework/Versions/A/UIFoundation
0x0000000026dc4000 	/usr/lib/libenergytrace.dylib
0x0000000026dc4000 	/System/Library/PrivateFrameworks/SkyLight.framework/Versions/A/SkyLight
0x0000000026dc4000 	/System/Library/Frameworks/CoreGraphics.framework/Versions/A/CoreGraphics
0x0000000026dc4000 	/usr/lib/libScreenReader.dylib
0x0000000026dc4000 	/System/Library/Frameworks/Accelerate.framework/Versions/A/Accelerate
0x0000000026dc4000 	/System/Library/Frameworks/IOSurface.framework/Versions/A/IOSurface
0x0000000026dc4000 	/System/Library/Frameworks/AudioToolbox.framework/Versions/A/AudioToolbox
0x0000000026dc4000 	/System/Library/Frameworks/AudioUnit.framework/Versions/A/AudioUnit
0x0000000026dc4000 	/System/Library/PrivateFrameworks/DataDetectorsCore.framework/Versions/A/DataDetectorsCore
0x0000000026dc4000 	/System/Library/PrivateFrameworks/DesktopServicesPriv.framework/Versions/A/DesktopServicesPriv
0x0000000026dc4000 	/System/Library/Frameworks/Carbon.framework/Versions/A/Frameworks/HIToolbox.framework/Versions/A/HIToolbox
0x0000000026dc4000 	/usr/lib/libicucore.A.dylib
0x0000000026dc4000 	/System/Library/Frameworks/QuartzCore.framework/Versions/A/QuartzCore
0x0000000026dc4000 	/System/Library/Frameworks/Carbon.framework/Versions/A/Frameworks/SpeechRecognition.framework/Versions/A/SpeechRecognition
0x0000000026dc4000 	/usr/lib/libauto.dylib
0x0000000026dc4000 	/usr/lib/libxml2.2.dylib
0x0000000026dc4000 	/System/Library/PrivateFrameworks/CoreUI.framework/Versions/A/CoreUI
0x0000000026dc4000 	/System/Library/Frameworks/CoreAudio.framework/Versions/A/CoreAudio
0x0000000026dc4000 	/System/Library/Frameworks/DiskArbitration.framework/Versions/A/DiskArbitration
0x0000000026dc4000 	/usr/lib/liblangid.dylib
0x0000000026dc4000 	/System/Library/PrivateFrameworks/MultitouchSupport.framework/Versions/A/MultitouchSupport
0x0000000026dc4000 	/System/Library/Frameworks/IOKit.framework/Versions/A/IOKit
0x0000000026dc4000 	/usr/lib/libDiagnosticMessagesClient.dylib
0x0000000026dc4000 	/System/Library/Frameworks/CoreServices.framework/Versions/A/CoreServices
0x0000000026dc4000 	/System/Library/PrivateFrameworks/PerformanceAnalysis.framework/Versions/A/PerformanceAnalysis
0x0000000026dc4000 	/System/Library/PrivateFrameworks/GenerationalStorage.framework/Versions/A/GenerationalStorage
0x0000000026dc4000 	/System/Library/Frameworks/OpenGL.framework/Versions/A/OpenGL
0x0000000026dc4000 	/System/Library/Frameworks/CoreImage.framework/Versions/A/CoreImage
0x0000000026dc4000 	/System/Library/Frameworks/CoreText.framework/Versions/A/CoreText
0x0000000026dc4000 	/System/Library/Frameworks/ImageIO.framework/Versions/A/ImageIO
0x0000000026dc4000 	/System/Library/PrivateFrameworks/Backup.framework/Versions/A/Backup
0x0000000026dc4000 	/usr/lib/libarchive.2.dylib
0x0000000026dc4000 	/System/Library/Frameworks/CFNetwork.framework/Versions/A/CFNetwork
0x0000000026dc4000 	/System/Library/Frameworks/SystemConfiguration.framework/Versions/A/SystemConfiguration
0x0000000026dc4000 	/usr/lib/libCRFSuite.dylib
0x0000000026dc4000 	/usr/lib/libc++.1.dylib
0x0000000026dc4000 	/usr/lib/libc++abi.dylib
0x0000000026dc4000 	/usr/lib/system/libcache.dylib
0x0000000026dc4000 	/usr/lib/system/libcommonCrypto.dylib
0x0000000026dc4000 	/usr/lib/system/libcompiler_rt.dylib
0x0000000026dc4000 	/usr/lib/system/libcopyfile.dylib
0x0000000026dc4000 	/usr/lib/system/libcorecrypto.dylib
0x0000000026dc4000 	/usr/lib/system/libdispatch.dylib
0x0000000026dc4000 	/usr/lib/system/libdyld.dylib
0x0000000026dc4000 	/usr/lib/system/libkeymgr.dylib
0x0000000026dc4000 	/usr/lib/system/liblaunch.dylib
0x0000000026dc4000 	/usr/lib/system/libmacho.dylib
0x0000000026dc4000 	/usr/lib/system/libquarantine.dylib
0x0000000026dc4000 	/usr/lib/system/libremovefile.dylib
0x0000000026dc4000 	/usr/lib/system/libsystem_asl.dylib
0x0000000026dc4000 	/usr/lib/system/libsystem_blocks.dylib
0x0000000026dc4000 	/usr/lib/system/libsystem_c.dylib
0x0000000026dc4000 	/usr/lib/system/libsystem_configuration.dylib
0x0000000026dc4000 	/usr/lib/system/libsystem_coreservices.dylib
0x0000000026dc4000 	/usr/lib/system/libsystem_coretls.dylib
0x0000000026dc4000 	/usr/lib/system/libsystem_dnssd.dylib
0x0000000026dc4000 	/usr/lib/system/libsystem_info.dylib
0x0000000026dc4000 	/usr/lib/system/libsystem_kernel.dylib
0x0000000026dc4000 	/usr/lib/system/libsystem_m.dylib
0x0000000026dc4000 	/usr/lib/system/libsystem_malloc.dylib
0x0000000026dc4000 	/usr/lib/system/libsystem_network.dylib
0x0000000026dc4000 	/usr/lib/system/libsystem_networkextension.dylib
0x0000000026dc4000 	/usr/lib/system/libsystem_notify.dylib
0x0000000026dc4000 	/usr/lib/system/libsystem_platform.dylib
0x0000000026dc4000 	/usr/lib/system/libsystem_pthread.dylib
0x0000000026dc4000 	/usr/lib/system/libsystem_sandbox.dylib
0x0000000026dc4000 	/usr/lib/system/libsystem_secinit.dylib
0x0000000026dc4000 	/usr/lib/system/libsystem_symptoms.dylib
0x0000000026dc4000 	/usr/lib/system/libsystem_trace.dylib
0x0000000026dc4000 	/usr/lib/system/libunwind.dylib
0x0000000026dc4000 	/usr/lib/system/libxpc.dylib
0x0000000026dc4000 	/usr/lib/libbsm.0.dylib
0x0000000026dc4000 	/usr/lib/system/libkxld.dylib
0x0000000026dc4000 	/usr/lib/libcoretls.dylib
0x0000000026dc4000 	/usr/lib/libcoretls_cfhelpers.dylib
0x0000000026dc4000 	/usr/lib/libxar.1.dylib
0x0000000026dc4000 	/usr/lib/libsqlite3.dylib
0x0000000026dc4000 	/usr/lib/libpam.2.dylib
0x0000000026dc4000 	/usr/lib/libOpenScriptingUtil.dylib
0x0000000026dc4000 	/usr/lib/libbz2.1.0.dylib
0x0000000026dc4000 	/usr/lib/liblzma.5.dylib
0x0000000026dc4000 	/usr/lib/libnetwork.dylib
0x0000000026dc4000 	/usr/lib/libpcap.A.dylib
0x0000000026dc4000 	/System/Library/Frameworks/CoreServices.framework/Versions/A/Frameworks/FSEvents.framework/Versions/A/FSEvents
0x0000000026dc4000 	/System/Library/Frameworks/CoreServices.framework/Versions/A/Frameworks/CarbonCore.framework/Versions/A/CarbonCore
0x0000000026dc4000 	/System/Library/Frameworks/CoreServices.framework/Versions/A/Frameworks/Metadata.framework/Versions/A/Metadata
0x0000000026dc4000 	/System/Library/Frameworks/CoreServices.framework/Versions/A/Frameworks/OSServices.framework/Versions/A/OSServices
0x0000000026dc4000 	/System/Library/Frameworks/CoreServices.framework/Versions/A/Frameworks/SearchKit.framework/Versions/A/SearchKit
0x0000000026dc4000 	/System/Library/Frameworks/CoreServices.framework/Versions/A/Frameworks/AE.framework/Versions/A/AE
0x0000000026dc4000 	/System/Library/Frameworks/CoreServices.framework/Versions/A/Frameworks/LaunchServices.framework/Versions/A/LaunchServices
0x0000000026dc4000 	/System/Library/Frameworks/CoreServices.framework/Versions/A/Frameworks/DictionaryServices.framework/Versions/A/DictionaryServices
0x0000000026dc4000 	/System/Library/Frameworks/CoreServices.framework/Versions/A/Frameworks/SharedFileList.framework/Versions/A/SharedFileList
0x0000000026dc4000 	/System/Library/Frameworks/NetFS.framework/Versions/A/NetFS
0x0000000026dc4000 	/System/Library/PrivateFrameworks/NetAuth.framework/Versions/A/NetAuth
0x0000000026dc4000 	/System/Library/PrivateFrameworks/login.framework/Versions/A/Frameworks/loginsupport.framework/Versions/A/loginsupport
0x0000000026dc4000 	/System/Library/PrivateFrameworks/TCC.framework/Versions/A/TCC
0x0000000026dc4000 	/usr/lib/libmecabra.dylib
0x0000000026dc4000 	/System/Library/Frameworks/ApplicationServices.framework/Versions/A/Frameworks/ATS.framework/Versions/A/ATS
0x0000000026dc4000 	/System/Library/Frameworks/ApplicationServices.framework/Versions/A/Frameworks/ColorSync.framework/Versions/A/ColorSync
0x0000000026dc4000 	/System/Library/Frameworks/ApplicationServices.framework/Versions/A/Frameworks/HIServices.framework/Versions/A/HIServices
0x0000000026dc4000 	/System/Library/Frameworks/ApplicationServices.framework/Versions/A/Frameworks/LangAnalysis.framework/Versions/A/LangAnalysis
0x0000000026dc4000 	/System/Library/Frameworks/ApplicationServices.framework/Versions/A/Frameworks/PrintCore.framework/Versions/A/PrintCore
0x0000000026dc4000 	/System/Library/Frameworks/ApplicationServices.framework/Versions/A/Frameworks/QD.framework/Versions/A/QD
0x0000000026dc4000 	/System/Library/Frameworks/ApplicationServices.framework/Versions/A/Frameworks/SpeechSynthesis.framework/Versions/A/SpeechSynthesis
0x0000000026dc4000 	/System/Library/Frameworks/Accelerate.framework/Versions/A/Frameworks/vImage.framework/Versions/A/vImage
0x0000000026dc4000 	/System/Library/Frameworks/Accelerate.framework/Versions/A/Frameworks/vecLib.framework/Versions/A/vecLib
0x0000000026dc4000 	/System/Library/Frameworks/Accelerate.framework/Versions/A/Frameworks/vecLib.framework/Versions/A/libvDSP.dylib
0x0000000026dc4000 	/System/Library/Frameworks/Accelerate.framework/Versions/A/Frameworks/vecLib.framework/Versions/A/libBNNS.dylib
0x0000000026dc4000 	/System/Library/Frameworks/Accelerate.framework/Versions/A/Frameworks/vecLib.framework/Versions/A/libQuadrature.dylib
0x0000000026dc4000 	/System/Library/Frameworks/Accelerate.framework/Versions/A/Frameworks/vecLib.framework/Versions/A/libvMisc.dylib
0x0000000026dc4000 	/System/Library/Frameworks/Accelerate.framework/Versions/A/Frameworks/vecLib.framework/Versions/A/libLAPACK.dylib
0x0000000026dc4000 	/System/Library/Frameworks/Accelerate.framework/Versions/A/Frameworks/vecLib.framework/Versions/A/libBLAS.dylib
0x0000000026dc4000 	/System/Library/Frameworks/Accelerate.framework/Versions/A/Frameworks/vecLib.framework/Versions/A/libLinearAlgebra.dylib
0x0000000026dc4000 	/System/Library/Frameworks/Accelerate.framework/Versions/A/Frameworks/vecLib.framework/Versions/A/libSparseBLAS.dylib
0x0000000026dc4000 	/System/Library/Frameworks/ApplicationServices.framework/Versions/A/Frameworks/ATS.framework/Versions/A/Resources/libFontParser.dylib
0x0000000026dc4000 	/System/Library/Frameworks/ApplicationServices.framework/Versions/A/Frameworks/ATS.framework/Versions/A/Resources/libFontRegistry.dylib
0x0000000026dc4000 	/System/Library/Frameworks/ImageIO.framework/Versions/A/Resources/libJPEG.dylib
0x0000000026dc4000 	/System/Library/Frameworks/ImageIO.framework/Versions/A/Resources/libTIFF.dylib
0x0000000026dc4000 	/System/Library/Frameworks/ImageIO.framework/Versions/A/Resources/libPng.dylib
0x0000000026dc4000 	/System/Library/Frameworks/ImageIO.framework/Versions/A/Resources/libGIF.dylib
0x0000000026dc4000 	/System/Library/Frameworks/ImageIO.framework/Versions/A/Resources/libJP2.dylib
0x0000000026dc4000 	/System/Library/Frameworks/ImageIO.framework/Versions/A/Resources/libRadiance.dylib
0x0000000026dc4000 	/usr/lib/libcompression.dylib
0x0000000026dc4000 	/System/Library/PrivateFrameworks/AppleJPEG.framework/Versions/A/AppleJPEG
0x0000000026dc4000 	/usr/lib/libcups.2.dylib
0x0000000026dc4000 	/System/Library/Frameworks/Kerberos.framework/Versions/A/Kerberos
0x0000000026dc4000 	/System/Library/Frameworks/GSS.framework/Versions/A/GSS
0x0000000026dc4000 	/usr/lib/libresolv.9.dylib
0x0000000026dc4000 	/usr/lib/libiconv.2.dylib
0x0000000026dc4000 	/System/Library/PrivateFrameworks/Heimdal.framework/Versions/A/Heimdal
0x0000000026dc4000 	/usr/lib/libheimdal-asn1.dylib
0x0000000026dc4000 	/System/Library/Frameworks/OpenDirectory.framework/Versions/A/OpenDirectory
0x0000000026dc4000 	/System/Library/PrivateFrameworks/CommonAuth.framework/Versions/A/CommonAuth
0x0000000026dc4000 	/System/Library/Frameworks/OpenDirectory.framework/Versions/A/Frameworks/CFOpenDirectory.framework/Versions/A/CFOpenDirectory
0x0000000026dc4000 	/System/Library/Frameworks/SecurityFoundation.framework/Versions/A/SecurityFoundation
0x0000000026dc4000 	/System/Library/PrivateFrameworks/LanguageModeling.framework/Versions/A/LanguageModeling
0x0000000026dc4000 	/usr/lib/libmarisa.dylib
0x0000000026dc4000 	/usr/lib/libChineseTokenizer.dylib
0x0000000026dc4000 	/usr/lib/libcmph.dylib
0x0000000026dc4000 	/System/Library/PrivateFrameworks/CoreEmoji.framework/Versions/A/CoreEmoji
0x0000000026dc4000 	/System/Library/Frameworks/ServiceManagement.framework/Versions/A/ServiceManagement
0x0000000026dc4000 	/usr/lib/libxslt.1.dylib
0x0000000026dc4000 	/System/Library/Frameworks/Carbon.framework/Versions/A/Frameworks/Ink.framework/Versions/A/Ink
0x0000000026dc4000 	/System/Library/PrivateFrameworks/TextureIO.framework/Versions/A/TextureIO
0x0000000026dc4000 	/System/Library/Frameworks/Metal.framework/Versions/A/Metal
0x0000000026dc4000 	/usr/lib/libate.dylib
0x0000000026dc4000 	/System/Library/PrivateFrameworks/GPUCompiler.framework/libmetal_timestamp.dylib
0x0000000026dc4000 	/System/Library/Frameworks/OpenGL.framework/Versions/A/Libraries/libCoreFSCache.dylib
0x0000000026dc4000 	/System/Library/PrivateFrameworks/IOAccelerator.framework/Versions/A/IOAccelerator
0x0000000026dc4000 	/System/Library/Frameworks/CoreVideo.framework/Versions/A/CoreVideo
0x0000000026dc4000 	/usr/lib/libFosl_dynamic.dylib
0x0000000026dc4000 	/System/Library/PrivateFrameworks/MetalPerformanceShaders.framework/Versions/A/MetalPerformanceShaders
0x0000000026dc4000 	/System/Library/PrivateFrameworks/FaceCore.framework/Versions/A/FaceCore
0x0000000026dc4000 	/System/Library/Frameworks/OpenCL.framework/Versions/A/OpenCL
0x0000000026dc4000 	/System/Library/Frameworks/OpenGL.framework/Versions/A/Libraries/libGLU.dylib
0x0000000026dc4000 	/System/Library/Frameworks/OpenGL.framework/Versions/A/Libraries/libGFXShared.dylib
0x0000000026dc4000 	/System/Library/Frameworks/OpenGL.framework/Versions/A/Libraries/libGL.dylib
0x0000000026dc4000 	/System/Library/Frameworks/OpenGL.framework/Versions/A/Libraries/libGLImage.dylib
0x0000000026dc4000 	/System/Library/Frameworks/OpenGL.framework/Versions/A/Libraries/libCVMSPluginSupport.dylib
0x0000000026dc4000 	/System/Library/Frameworks/OpenGL.framework/Versions/A/Libraries/libCoreVMClient.dylib
0x0000000026dc4000 	/System/Library/PrivateFrameworks/CrashReporterSupport.framework/Versions/A/CrashReporterSupport
0x0000000026dc4000 	/System/Library/PrivateFrameworks/Sharing.framework/Versions/A/Sharing
0x0000000026dc4000 	/System/Library/PrivateFrameworks/IconServices.framework/Versions/A/IconServices
0x0000000026dc4000 	/System/Library/PrivateFrameworks/ProtocolBuffer.framework/Versions/A/ProtocolBuffer
0x0000000026dc4000 	/System/Library/PrivateFrameworks/Apple80211.framework/Versions/A/Apple80211
0x0000000026dc4000 	/System/Library/Frameworks/CoreWLAN.framework/Versions/A/CoreWLAN
0x0000000026dc4000 	/System/Library/PrivateFrameworks/CoreUtils.framework/Versions/A/CoreUtils
0x0000000026dc4000 	/System/Library/Frameworks/IOBluetooth.framework/Versions/A/IOBluetooth
0x0000000026dc4000 	/System/Library/PrivateFrameworks/CoreWiFi.framework/Versions/A/CoreWiFi
0x0000000026dc4000 	/System/Library/Frameworks/CoreBluetooth.framework/Versions/A/CoreBluetooth
0x0000000026dc4000 	/System/Library/Frameworks/CoreDisplay.framework/Versions/A/CoreDisplay
0x0000000026dc4000 	/System/Library/PrivateFrameworks/IOPresentment.framework/Versions/A/IOPresentment
0x0000000026dc4000 	/System/Library/PrivateFrameworks/DebugSymbols.framework/Versions/A/DebugSymbols
0x0000000026dc4000 	/System/Library/PrivateFrameworks/CoreSymbolication.framework/Versions/A/CoreSymbolication
0x0000000026dc4000 	/System/Library/PrivateFrameworks/Symbolication.framework/Versions/A/Symbolication
0x0000000026dc4000 	/System/Library/PrivateFrameworks/AppleFSCompression.framework/Versions/A/AppleFSCompression
0x0000000026dc4000 	/System/Library/PrivateFrameworks/SpeechRecognitionCore.framework/Versions/A/SpeechRecognitionCore
0x0000000026dc4000 	/System/Library/PrivateFrameworks/ChunkingLibrary.framework/Versions/A/ChunkingLibrary
0x00000001072cc000 	/Library/Java/JavaVirtualMachines/jdk1.8.0_77.jdk/Contents/Home/jre/lib/server/libjvm.dylib
0x0000000026dc4000 	/usr/lib/libstdc++.6.dylib
0x000000010825b000 	/Library/Java/JavaVirtualMachines/jdk1.8.0_77.jdk/Contents/Home/jre/lib/libverify.dylib
0x0000000108269000 	/Library/Java/JavaVirtualMachines/jdk1.8.0_77.jdk/Contents/Home/jre/lib/libjava.dylib
0x00000001082a8000 	/Library/Java/JavaVirtualMachines/jdk1.8.0_77.jdk/Contents/Home/jre/lib/libzip.dylib
0x000000010f421000 	/System/Library/Frameworks/JavaVM.framework/Frameworks/JavaRuntimeSupport.framework/JavaRuntimeSupport
0x000000010f43b000 	/System/Library/Frameworks/JavaVM.framework/Versions/A/Frameworks/JavaNativeFoundation.framework/Versions/A/JavaNativeFoundation
0x00000001083f3000 	/System/Library/Frameworks/JavaVM.framework/Versions/A/JavaVM
0x0000000026dc4000 	/System/Library/Frameworks/Carbon.framework/Versions/A/Carbon
0x000000010f450000 	/System/Library/PrivateFrameworks/JavaLaunching.framework/Versions/A/JavaLaunching
0x0000000026dc4000 	/System/Library/Frameworks/Carbon.framework/Versions/A/Frameworks/CommonPanels.framework/Versions/A/CommonPanels
0x0000000026dc4000 	/System/Library/Frameworks/Carbon.framework/Versions/A/Frameworks/Help.framework/Versions/A/Help
0x0000000026dc4000 	/System/Library/Frameworks/Carbon.framework/Versions/A/Frameworks/ImageCapture.framework/Versions/A/ImageCapture
0x0000000026dc4000 	/System/Library/Frameworks/Carbon.framework/Versions/A/Frameworks/OpenScripting.framework/Versions/A/OpenScripting
0x0000000026dc4000 	/System/Library/Frameworks/Carbon.framework/Versions/A/Frameworks/Print.framework/Versions/A/Print
0x0000000026dc4000 	/System/Library/Frameworks/Carbon.framework/Versions/A/Frameworks/SecurityHI.framework/Versions/A/SecurityHI
0x0000000110d8f000 	/Library/Java/JavaVirtualMachines/jdk1.8.0_77.jdk/Contents/Home/jre/lib/libawt.dylib
0x0000000110e37000 	/Library/Java/JavaVirtualMachines/jdk1.8.0_77.jdk/Contents/Home/jre/lib/./libmlib_image.dylib
0x0000000110f03000 	/Library/Java/JavaVirtualMachines/jdk1.8.0_77.jdk/Contents/Home/jre/lib/libawt_lwawt.dylib
0x0000000110fb8000 	/Library/Java/JavaVirtualMachines/jdk1.8.0_77.jdk/Contents/Home/jre/lib/./libosxapp.dylib
0x0000000026dc4000 	/System/Library/Frameworks/ExceptionHandling.framework/Versions/A/ExceptionHandling
0x0000000026dc4000 	/System/Library/PrivateFrameworks/CoreServicesInternal.framework/Versions/A/CoreServicesInternal
0x0000000026dc4000 	/System/Library/CoreServices/RawCamera.bundle/Contents/MacOS/RawCamera
0x0000000026dc4000 	/System/Library/Frameworks/Accelerate.framework/Versions/A/Frameworks/vImage.framework/Versions/A/Libraries/libCGInterfaces.dylib
0x0000000026dc4000 	/System/Library/Frameworks/ApplicationServices.framework/Versions/A/Frameworks/ATS.framework/Versions/A/Resources/libTrueTypeScaler.dylib
0x0000000026dc4000 	/System/Library/Frameworks/OpenGL.framework/Versions/A/Resources/GLEngine.bundle/GLEngine
0x0000000026dc4000 	/System/Library/Frameworks/OpenGL.framework/Versions/A/Libraries/libGLProgrammability.dylib
0x0000000112f57000 	/System/Library/Extensions/AppleIntelBDWGraphicsGLDriver.bundle/Contents/MacOS/AppleIntelBDWGraphicsGLDriver
0x0000000026dc4000 	/System/Library/PrivateFrameworks/GPUSupport.framework/Versions/A/Libraries/libGPUSupportMercury.dylib
0x0000000026dc4000 	/System/Library/Frameworks/OpenGL.framework/Versions/A/Resources/GLRendererFloat.bundle/GLRendererFloat
0x0000000026dc4000 	/System/Library/Frameworks/OpenCL.framework/Versions/A/Libraries/libcldcpuengine.dylib
0x0000000026dc4000 	/usr/lib/libcrypto.0.9.8.dylib
0x0000000026dc4000 	/System/Library/PrivateFrameworks/TrustEvaluationAgent.framework/Versions/A/TrustEvaluationAgent
0x00000001136d1000 	/System/Library/Extensions/AppleIntelBDWGraphicsMTLDriver.bundle/Contents/MacOS/AppleIntelBDWGraphicsMTLDriver
0x0000000026dc4000 	/System/Library/PrivateFrameworks/FamilyControls.framework/Versions/A/FamilyControls
0x0000000026dc4000 	/System/Library/PrivateFrameworks/CommerceKit.framework/Versions/A/Frameworks/CommerceCore.framework/Versions/A/CommerceCore
0x0000000026dc4000 	/System/Library/PrivateFrameworks/SystemAdministration.framework/Versions/A/SystemAdministration
0x0000000026dc4000 	/System/Library/PrivateFrameworks/AppContainer.framework/Versions/A/AppContainer
0x0000000026dc4000 	/System/Library/PrivateFrameworks/SecCodeWrapper.framework/Versions/A/SecCodeWrapper
0x0000000026dc4000 	/System/Library/Frameworks/DirectoryService.framework/Versions/A/DirectoryService
0x0000000026dc4000 	/System/Library/PrivateFrameworks/DiskImages.framework/Versions/A/DiskImages
0x0000000026dc4000 	/System/Library/PrivateFrameworks/LoginUIKit.framework/Versions/A/Frameworks/LoginUICore.framework/Versions/A/LoginUICore
0x0000000026dc4000 	/usr/lib/libCoreStorage.dylib
0x0000000026dc4000 	/usr/lib/libcsfde.dylib
0x0000000026dc4000 	/usr/lib/libodfde.dylib
0x0000000026dc4000 	/System/Library/Frameworks/DiscRecording.framework/Versions/A/DiscRecording
0x0000000026dc4000 	/usr/lib/libcurl.4.dylib
0x0000000026dc4000 	/System/Library/PrivateFrameworks/MediaKit.framework/Versions/A/MediaKit
0x0000000026dc4000 	/System/Library/PrivateFrameworks/ProtectedCloudStorage.framework/Versions/A/ProtectedCloudStorage
0x0000000026dc4000 	/System/Library/PrivateFrameworks/EFILogin.framework/Versions/A/EFILogin
0x0000000026dc4000 	/usr/lib/libutil.dylib
0x0000000026dc4000 	/System/Library/Frameworks/LDAP.framework/Versions/A/LDAP
0x0000000026dc4000 	/usr/lib/libsasl2.2.dylib
0x0000000026dc4000 	/System/Library/PrivateFrameworks/CoreDaemon.framework/Versions/B/CoreDaemon
0x0000000026dc4000 	/System/Library/PrivateFrameworks/AppleSRP.framework/Versions/A/AppleSRP
0x0000000026dc4000 	/System/Library/PrivateFrameworks/APFS.framework/Versions/A/APFS
0x0000000114bf8000 	/Library/Java/JavaVirtualMachines/jdk1.8.0_77.jdk/Contents/Home/jre/lib/libfontmanager.dylib
0x0000000114c5f000 	/Users/andyliang/Downloads/lwjgl-2.9.2/native/macosx/liblwjgl.dylib
0x0000000111e74000 	/Library/Java/JavaVirtualMachines/jdk1.8.0_77.jdk/Contents/Home/jre/lib/libjawt.dylib
0x0000000026dc4000 	/System/Library/PrivateFrameworks/ViewBridge.framework/Versions/A/ViewBridge
0x0000000026dc4000 	/System/Library/PrivateFrameworks/XPCService.framework/Versions/A/XPCService
0x0000000026dc4000 	/System/Library/PrivateFrameworks/AppSandbox.framework/Versions/A/AppSandbox
0x0000000026dc4000 	/usr/lib/libsandbox.1.dylib
0x0000000026dc4000 	/usr/lib/libMatch.1.dylib
0x0000000115ec7000 	/Library/Java/JavaVirtualMachines/jdk1.8.0_77.jdk/Contents/Home/jre/lib/libnet.dylib
0x0000000115ede000 	/Library/Java/JavaVirtualMachines/jdk1.8.0_77.jdk/Contents/Home/jre/lib/libnio.dylib

VM Arguments:
jvm_args: -Dfile.encoding=UTF-8 -Djava.library.path=/Users/andyliang/Downloads/lwjgl-2.9.2/native/macosx 
java_command: program.pkg2.Program2
java_class_path (initial): /Users/andyliang/Downloads/lwjgl-2.9.2/jar/jinput.jar:/Users/andyliang/Downloads/lwjgl-2.9.2/jar/lwjgl.jar:/Users/andyliang/Downloads/lwjgl-2.9.2/jar/lwjgl_util.jar:/Users/andyliang/Downloads/lwjgl-2.9.2/jar/AppleJavaExtensions.jar:/Users/andyliang/Downloads/lwjgl-2.9.2/jar/asm-debug-all.jar:/Users/andyliang/Downloads/lwjgl-2.9.2/jar/lwjgl-debug.jar:/Users/andyliang/Downloads/lwjgl-2.9.2/jar/lwjgl_test.jar:/Users/andyliang/Downloads/lwjgl-2.9.2/jar/lwjgl_util_applet.jar:/Users/andyliang/Downloads/lwjgl-2.9.2/jar/lzma.jar:/Users/andyliang/Desktop/CS445/Program 2/build/classes
Launcher Type: SUN_STANDARD

Environment Variables:
PATH=/usr/bin:/bin:/usr/sbin:/sbin
LD_LIBRARY_PATH=/Library/Java/JavaVirtualMachines/jdk1.8.0_77.jdk/Contents/Home/jre/lib/amd64:/Library/Java/JavaVirtualMachines/jdk1.8.0_77.jdk/Contents/Home/jre/lib/i386:
SHELL=/bin/bash

Signal Handlers:
SIGSEGV: [libjvm.dylib+0x5a6855], sa_mask[0]=11111111011111110111111111111111, sa_flags=SA_ONSTACK|SA_RESTART|SA_SIGINFO
SIGBUS: [libjvm.dylib+0x5a6855], sa_mask[0]=11111111011111110111111111111111, sa_flags=SA_RESTART|SA_SIGINFO
SIGFPE: [libjvm.dylib+0x4804ec], sa_mask[0]=11111111011111110111111111111111, sa_flags=SA_RESTART|SA_SIGINFO
SIGPIPE: [libjvm.dylib+0x4804ec], sa_mask[0]=11111111011111110111111111111111, sa_flags=SA_RESTART|SA_SIGINFO
SIGXFSZ: [libjvm.dylib+0x4804ec], sa_mask[0]=11111111011111110111111111111111, sa_flags=SA_RESTART|SA_SIGINFO
SIGILL: [libjvm.dylib+0x4804ec], sa_mask[0]=11111111011111110111111111111111, sa_flags=SA_RESTART|SA_SIGINFO
SIGUSR1: SIG_DFL, sa_mask[0]=00000000000000000000000000000000, sa_flags=none
SIGUSR2: [libjvm.dylib+0x48000a], sa_mask[0]=00100000000000000000000000000000, sa_flags=SA_RESTART|SA_SIGINFO
SIGHUP: [libjvm.dylib+0x47e5e1], sa_mask[0]=11111111011111110111111111111111, sa_flags=SA_RESTART|SA_SIGINFO
SIGINT: SIG_IGN, sa_mask[0]=00000000000000000000000000000000, sa_flags=none
SIGTERM: [libjvm.dylib+0x47e5e1], sa_mask[0]=11111111011111110111111111111111, sa_flags=SA_RESTART|SA_SIGINFO
SIGQUIT: [libjvm.dylib+0x47e5e1], sa_mask[0]=11111111011111110111111111111111, sa_flags=SA_RESTART|SA_SIGINFO


---------------  S Y S T E M  ---------------

OS:Bsduname:Darwin 16.0.0 Darwin Kernel Version 16.0.0: Mon Aug 29 17:56:20 PDT 2016; root:xnu-3789.1.32~3/RELEASE_X86_64 x86_64
rlimit: STACK 8192k, CORE 0k, NPROC 709, NOFILE 10240, AS infinity
load average:1.92 1.93 1.77

CPU:total 4 (2 cores per cpu, 2 threads per core) family 6 model 61 stepping 4, cmov, cx8, fxsr, mmx, sse, sse2, sse3, ssse3, sse4.1, sse4.2, popcnt, avx, avx2, aes, clmul, erms, 3dnowpref, lzcnt, ht, tsc, tscinvbit, bmi1, bmi2, adx

Memory: 4k page, physical 8388608k(44592k free)

/proc/meminfo:


vm_info: Java HotSpot(TM) 64-Bit Server VM (25.77-b03) for bsd-amd64 JRE (1.8.0_77-b03), built on Mar 20 2016 22:14:03 by "java_re" with gcc 4.2.1 (Based on Apple Inc. build 5658) (LLVM build 2336.11.00)

time: Mon Apr 24 11:02:37 2017
elapsed time: 20 seconds (0d 0h 0m 20s)

