#
# A fatal error has been detected by the Java Runtime Environment:
#
#  SIGSEGV (0xb) at pc=0x00007fff92047b5d, pid=11121, tid=2059
#
# JRE version: Java(TM) SE Runtime Environment (8.0_77-b03) (build 1.8.0_77-b03)
# Java VM: Java HotSpot(TM) 64-Bit Server VM (25.77-b03 mixed mode bsd-amd64 compressed oops)
# Problematic frame:
# C  [libobjc.A.dylib+0x6b5d]  objc_msgSend+0x1d
#
# Failed to write core dump. Core dumps have been disabled. To enable core dumping, try "ulimit -c unlimited" before starting Java again
#
# If you would like to submit a bug report, please visit:
#   http://bugreport.java.com/bugreport/crash.jsp
# The crash happened outside the Java Virtual Machine in native code.
# See problematic frame for where to report the bug.
#

---------------  T H R E A D  ---------------

Current thread (0x00007ffbc3837000):  JavaThread "AppKit Thread" daemon [_thread_in_native, id=2059, stack(0x00007fff5886b000,0x00007fff5906b000)]

siginfo: si_signo: 11 (SIGSEGV), si_code: 1 (SEGV_MAPERR), si_addr: 0x000007ffbc373bf0

Registers:
RAX=0x00007ffbc3452140, RBX=0x00007ffbc3665a00, RCX=0x00007ffbc3741e50, RDX=0x00007ffbc3452140
RSP=0x00007fff59065eb8, RBP=0x00007fff59065ec0, RSI=0x00007fff7c1226ee, RDI=0x00007ffbc3741e50
R8 =0x000000000000001f, R9 =0x00007ffbc36af2a0, R10=0x000007ffbc373bd8, R11=0x00007fff7c1226ee
R12=0x0000000000000000, R13=0x00007ffbc36af2a0, R14=0x00007ffbc3452140, R15=0x0000000000000000
RIP=0x00007fff92047b5d, EFLAGS=0x0000000000010206, ERR=0x0000000000000004
  TRAPNO=0x000000000000000e

Top of Stack: (sp=0x00007fff59065eb8)
0x00007fff59065eb8:   00007fff7d90963c 00007fff59065f30
0x00007fff59065ec8:   00007fff7d90953b 0000000000000000
0x00007fff59065ed8:   00007fff9b608060 00000000c2000000
0x00007fff59065ee8:   00007fff7d909590 00007fff9800d680
0x00007fff59065ef8:   00007ffbc36af2a0 00007ffbc3452140
0x00007fff59065f08:   00007fff590666f8 00007fff92047b40
0x00007fff59065f18:   00007fff59066000 00007ffbc36af2a0
0x00007fff59065f28:   00007fff7c0c19f2 00007fff59065f70
0x00007fff59065f38:   00007fff7d9092a2 00007fff59066540
0x00007fff59065f48:   0000000000000001 00007fff92047b40
0x00007fff59065f58:   00007fff59066000 00007fff590666f8
0x00007fff59065f68:   00007fff7c0c19f2 00007fff59066690
0x00007fff59065f78:   00007fff7d8c69a3 00007ffbc3400000
0x00007fff59065f88:   0000000000000000 0000000106bb4a00
0x00007fff59065f98:   0000000000000004 00007ffbc3412190
0x00007fff59065fa8:   00007fff9800ecb0 0000000000000000
0x00007fff59065fb8:   00007ffbc38360b8 00007ffbc3412101
0x00007fff59065fc8:   00007ffbc3557e90 00007fff98140f10
0x00007fff59065fd8:   0000000000000000 0000000000000000
0x00007fff59065fe8:   0000000000000000 00007ffbc3558a70
0x00007fff59065ff8:   00007fff9804d860 00007fff59066540
0x00007fff59066008:   0000000000000002 0000000000000100
0x00007fff59066018:   00007fff9b578400 00007fff59066440
0x00007fff59066028:   0000000000000000 0000000000000100
0x00007fff59066038:   00007ffbc3495900 00007fff59066070
0x00007fff59066048:   00007fff7d909eec ffff80043cb6a6e0
0x00007fff59066058:   00007ffbc3495920 00007fff9813e468
0x00007fff59066068:   00007ffbc3495920 00007fff590660a0
0x00007fff59066078:   00007fff7d909f38 ffff80043cb6a6e0
0x00007fff59066088:   00007ffbc3495920 00007fff9813e6e8
0x00007fff59066098:   00007ffbc3495920 00007fff590660d0
0x00007fff590660a8:   00007fff7d90a01b 0000000000000f80 

Instructions: (pc=0x00007fff92047b5d)
0x00007fff92047b3d:   0f 1f 00 48 85 ff 2e 74 62 40 f6 c7 01 2e 75 66
0x00007fff92047b4d:   49 ba f8 ff ff ff ff 7f 00 00 4c 23 17 49 89 f3
0x00007fff92047b5d:   45 23 5a 18 49 c1 e3 04 4d 03 5a 10 49 3b 33 75
0x00007fff92047b6d:   04 41 ff 63 08 49 83 3b 01 76 0d 49 83 c3 10 49 

Register to memory mapping:

RAX=0x00007ffbc3452140 is an unknown value
RBX=0x00007ffbc3665a00 is an unknown value
RCX=0x00007ffbc3741e50 is an unknown value
RDX=0x00007ffbc3452140 is an unknown value
RSP=0x00007fff59065eb8 is pointing into the stack for thread: 0x00007ffbc3837000
RBP=0x00007fff59065ec0 is pointing into the stack for thread: 0x00007ffbc3837000
RSI=0x00007fff7c1226ee: __NSStyleNameIndexTable+0xcda01 in /System/Library/Frameworks/AppKit.framework/Versions/C/AppKit at 0x00007fff7b544000
RDI=0x00007ffbc3741e50 is an unknown value
R8 =0x000000000000001f is an unknown value
R9 =0x00007ffbc36af2a0 is an unknown value
R10=0x000007ffbc373bd8 is an unknown value
R11=0x00007fff7c1226ee: __NSStyleNameIndexTable+0xcda01 in /System/Library/Frameworks/AppKit.framework/Versions/C/AppKit at 0x00007fff7b544000
R12=0x0000000000000000 is an unknown value
R13=0x00007ffbc36af2a0 is an unknown value
R14=0x00007ffbc3452140 is an unknown value
R15=0x0000000000000000 is an unknown value


Stack: [0x00007fff5886b000,0x00007fff5906b000],  sp=0x00007fff59065eb8,  free space=8171k
Native frames: (J=compiled Java code, j=interpreted, Vv=VM code, C=native code)
C  [libobjc.A.dylib+0x6b5d]  objc_msgSend+0x1d
C  [CoreFoundation+0x9d53b]  _CFXRegistrationPost+0x1ab
C  [CoreFoundation+0x9d2a2]  ___CFXNotificationPost_block_invoke+0x32
C  [CoreFoundation+0x5a9a3]  -[_CFXNotificationRegistrar find:object:observer:enumerator:]+0x723
C  [CoreFoundation+0x599dc]  _CFXNotificationPost+0x25c
C  [Foundation+0x70e3]  -[NSNotificationCenter postNotificationName:object:userInfo:]+0x42
C  [AppKit+0x24f75a]  -[NSSurface _disposeSurface]+0x98
C  [AppKit+0x24f309]  -[NSSurface setWindow:]+0x35
C  [AppKit+0x292a0]  -[NSView _setWindow:]+0xa0f
C  [AppKit+0x2bed4]  -[NSView removeFromSuperview]+0x1d1
C  [AppKit+0x14cf85]  -[NSView removeFromSuperviewWithoutNeedingDisplay]+0x26
C  [liblwjgl.dylib+0xa205]  +[MacOSXKeyableWindow destroyWindow]+0xb5
C  [Foundation+0x71f2a]  __NSThreadPerformPerform+0x146
C  [CoreFoundation+0xa7551]  __CFRUNLOOP_IS_CALLING_OUT_TO_A_SOURCE0_PERFORM_FUNCTION__+0x11
C  [CoreFoundation+0x886bd]  __CFRunLoopDoSources0+0x22d
C  [CoreFoundation+0x87bb6]  __CFRunLoopRun+0x3a6
C  [CoreFoundation+0x875b4]  CFRunLoopRunSpecific+0x1a4
C  [HIToolbox+0x30f6c]  RunCurrentEventLoopInMode+0xf0
C  [HIToolbox+0x30da1]  ReceiveNextEventCommon+0x1b0
C  [HIToolbox+0x30bd6]  _BlockUntilNextEventMatchingListInModeWithFilter+0x47
C  [AppKit+0x475f5]  _DPSNextEvent+0x445
C  [AppKit+0x7578eb]  -[NSApplication(NSEvent) _nextEventMatchingEventMask:untilDate:inMode:dequeue:]+0x665
C  [libosxapp.dylib+0x23aa]  -[NSApplicationAWT nextEventMatchingMask:untilDate:inMode:dequeue:]+0x7c
C  [AppKit+0x3bfbd]  -[NSApplication run]+0x39e
C  [libosxapp.dylib+0x214d]  +[NSApplicationAWT runAWTLoopWithApp:]+0x9c
C  [libawt_lwawt.dylib+0x4455b]  -[AWTStarter starter:]+0x389
C  [Foundation+0x71f2a]  __NSThreadPerformPerform+0x146
C  [CoreFoundation+0xa7551]  __CFRUNLOOP_IS_CALLING_OUT_TO_A_SOURCE0_PERFORM_FUNCTION__+0x11
C  [CoreFoundation+0x886bd]  __CFRunLoopDoSources0+0x22d
C  [CoreFoundation+0x87bb6]  __CFRunLoopRun+0x3a6
C  [CoreFoundation+0x875b4]  CFRunLoopRunSpecific+0x1a4
C  [java+0x6463]  CreateExecutionEnvironment+0x367
C  [java+0x21ac]  JLI_Launch+0x7a0
C  [java+0x84c0]  main+0x65
C  [java+0x1a04]  start+0x34
C  0x0000000000000006


---------------  P R O C E S S  ---------------

Java Threads: ( => current thread )
  0x00007ffbc3a54800 JavaThread "AWT-Shutdown" [_thread_blocked, id=29959, stack(0x0000700010450000,0x0000700010550000)]
=>0x00007ffbc3837000 JavaThread "AppKit Thread" daemon [_thread_in_native, id=2059, stack(0x00007fff5886b000,0x00007fff5906b000)]
  0x00007ffbc401a000 JavaThread "Service Thread" daemon [_thread_blocked, id=18435, stack(0x00007000101c7000,0x00007000102c7000)]
  0x00007ffbc4019800 JavaThread "C1 CompilerThread2" daemon [_thread_blocked, id=17923, stack(0x00007000100c4000,0x00007000101c4000)]
  0x00007ffbc4838800 JavaThread "C2 CompilerThread1" daemon [_thread_blocked, id=17411, stack(0x000070000ffc1000,0x00007000100c1000)]
  0x00007ffbc3831800 JavaThread "C2 CompilerThread0" daemon [_thread_blocked, id=16899, stack(0x000070000febe000,0x000070000ffbe000)]
  0x00007ffbc3803800 JavaThread "Signal Dispatcher" daemon [_thread_blocked, id=16387, stack(0x000070000fdbb000,0x000070000febb000)]
  0x00007ffbc5005800 JavaThread "Finalizer" daemon [_thread_blocked, id=12291, stack(0x000070000fc35000,0x000070000fd35000)]
  0x00007ffbc5002800 JavaThread "Reference Handler" daemon [_thread_blocked, id=11779, stack(0x000070000fb32000,0x000070000fc32000)]
  0x00007ffbc4803000 JavaThread "main" [_thread_in_native, id=6915, stack(0x000070000f520000,0x000070000f620000)]

Other Threads:
  0x00007ffbc400e000 VMThread [stack: 0x000070000fa2f000,0x000070000fb2f000] [id=11267]
  0x00007ffbc482f800 WatcherThread [stack: 0x00007000102ca000,0x00007000103ca000] [id=18947]

VM state:not at safepoint (normal execution)

VM Mutex/Monitor currently owned by a thread: None

Heap:
 PSYoungGen      total 38400K, used 17771K [0x0000000795580000, 0x0000000798000000, 0x00000007c0000000)
  eden space 33280K, 48% used [0x0000000795580000,0x000000079651cf30,0x0000000797600000)
  from space 5120K, 34% used [0x0000000797600000,0x00000007977bdd30,0x0000000797b00000)
  to   space 5120K, 0% used [0x0000000797b00000,0x0000000797b00000,0x0000000798000000)
 ParOldGen       total 87552K, used 16K [0x0000000740000000, 0x0000000745580000, 0x0000000795580000)
  object space 87552K, 0% used [0x0000000740000000,0x0000000740004000,0x0000000745580000)
 Metaspace       used 6773K, capacity 6979K, committed 7168K, reserved 1056768K
  class space    used 690K, capacity 760K, committed 768K, reserved 1048576K

Card table byte_map: [0x0000000117b8f000,0x0000000117f90000] byte_map_base: 0x000000011418f000

Marking Bits: (ParMarkBitMap*) 0x00000001084e3ea0
 Begin Bits: [0x000000011823b000, 0x000000011a23b000)
 End Bits:   [0x000000011a23b000, 0x000000011c23b000)

Polling page: 0x0000000106c55000

CodeCache: size=245760Kb used=3318Kb max_used=3358Kb free=242441Kb
 bounds [0x0000000108b8f000, 0x0000000108eef000, 0x0000000117b8f000]
 total_blobs=1131 nmethods=770 adapters=275
 compilation: enabled

Compilation events (10 events):
Event: 4.057 Thread 0x00007ffbc4838800 nmethod 769 0x0000000108e97050 code [0x0000000108e971a0, 0x0000000108e972d8]
Event: 4.057 Thread 0x00007ffbc4838800  759       4       java.util.regex.Matcher::toMatchResult (53 bytes)
Event: 4.060 Thread 0x00007ffbc4019800  770       1       java.lang.ThreadLocal::getMap (5 bytes)
Event: 4.061 Thread 0x00007ffbc4019800 nmethod 770 0x0000000108e96d50 code [0x0000000108e96ea0, 0x0000000108e96fb0]
Event: 4.115 Thread 0x00007ffbc4838800 nmethod 759 0x0000000108e93350 code [0x0000000108e93520, 0x0000000108e93f78]
Event: 4.115 Thread 0x00007ffbc4838800  771       4       java.lang.ThreadLocal$ThreadLocalMap::access$000 (6 bytes)
Event: 4.125 Thread 0x00007ffbc4838800 nmethod 771 0x0000000108e96910 code [0x0000000108e96a80, 0x0000000108e96ba8]
Event: 4.145 Thread 0x00007ffbc3831800 nmethod 764 0x0000000108ecf510 code [0x0000000108ecfac0, 0x0000000108ed6ec8]
Event: 4.151 Thread 0x00007ffbc4838800  772       4       java.nio.DirectByteBuffer::put (18 bytes)
Event: 4.152 Thread 0x00007ffbc4838800 nmethod 772 0x0000000108e96590 code [0x0000000108e966e0, 0x0000000108e96798]

GC Heap History (2 events):
Event: 3.223 GC heap before
{Heap before GC invocations=1 (full 0):
 PSYoungGen      total 38400K, used 33280K [0x0000000795580000, 0x0000000798000000, 0x00000007c0000000)
  eden space 33280K, 100% used [0x0000000795580000,0x0000000797600000,0x0000000797600000)
  from space 5120K, 0% used [0x0000000797b00000,0x0000000797b00000,0x0000000798000000)
  to   space 5120K, 0% used [0x0000000797600000,0x0000000797600000,0x0000000797b00000)
 ParOldGen       total 87552K, used 0K [0x0000000740000000, 0x0000000745580000, 0x0000000795580000)
  object space 87552K, 0% used [0x0000000740000000,0x0000000740000000,0x0000000745580000)
 Metaspace       used 6754K, capacity 6915K, committed 7168K, reserved 1056768K
  class space    used 690K, capacity 760K, committed 768K, reserved 1048576K
Event: 3.227 GC heap after
Heap after GC invocations=1 (full 0):
 PSYoungGen      total 38400K, used 1783K [0x0000000795580000, 0x0000000798000000, 0x00000007c0000000)
  eden space 33280K, 0% used [0x0000000795580000,0x0000000795580000,0x0000000797600000)
  from space 5120K, 34% used [0x0000000797600000,0x00000007977bdd30,0x0000000797b00000)
  to   space 5120K, 0% used [0x0000000797b00000,0x0000000797b00000,0x0000000798000000)
 ParOldGen       total 87552K, used 16K [0x0000000740000000, 0x0000000745580000, 0x0000000795580000)
  object space 87552K, 0% used [0x0000000740000000,0x0000000740004000,0x0000000745580000)
 Metaspace       used 6754K, capacity 6915K, committed 7168K, reserved 1056768K
  class space    used 690K, capacity 760K, committed 768K, reserved 1048576K
}

Deoptimization events (7 events):
Event: 2.586 Thread 0x00007ffbc4803000 Uncommon trap: reason=predicate action=maybe_recompile pc=0x0000000108e5c3a8 method=java.util.regex.Pattern$Curly.match0(Ljava/util/regex/Matcher;IILjava/lang/CharSequence;)Z @ 69
Event: 2.738 Thread 0x00007ffbc4803000 Uncommon trap: reason=predicate action=maybe_recompile pc=0x0000000108e6df28 method=java.util.regex.Pattern$Curly.match0(Ljava/util/regex/Matcher;IILjava/lang/CharSequence;)Z @ 69
Event: 3.512 Thread 0x00007ffbc4803000 Uncommon trap: reason=predicate action=maybe_recompile pc=0x0000000108e96044 method=java.util.AbstractCollection.toArray([Ljava/lang/Object;)[Ljava/lang/Object; @ 49
Event: 3.808 Thread 0x00007ffbc4803000 Uncommon trap: reason=array_check action=maybe_recompile pc=0x0000000108e9792c method=java.util.AbstractCollection.toArray([Ljava/lang/Object;)[Ljava/lang/Object; @ 119
Event: 3.808 Thread 0x00007ffbc4803000 Uncommon trap: reason=array_check action=maybe_recompile pc=0x0000000108e9792c method=java.util.AbstractCollection.toArray([Ljava/lang/Object;)[Ljava/lang/Object; @ 119
Event: 3.808 Thread 0x00007ffbc4803000 Uncommon trap: reason=array_check action=maybe_recompile pc=0x0000000108e9792c method=java.util.AbstractCollection.toArray([Ljava/lang/Object;)[Ljava/lang/Object; @ 119
Event: 3.808 Thread 0x00007ffbc4803000 Uncommon trap: reason=array_check action=maybe_recompile pc=0x0000000108e9792c method=java.util.AbstractCollection.toArray([Ljava/lang/Object;)[Ljava/lang/Object; @ 119

Internal exceptions (10 events):
Event: 0.035 Thread 0x00007ffbc4803000 Exception <a 'java/lang/NoSuchMethodError': Method sun.misc.Unsafe.defineClass(Ljava/lang/String;[BII)Ljava/lang/Class; name or signature does not match> (0x0000000795587cc0) thrown at [/Users/java_re/workspace/8-2-build-macosx-x86_64/jdk8u77/6540/hotspot
Event: 0.035 Thread 0x00007ffbc4803000 Exception <a 'java/lang/NoSuchMethodError': Method sun.misc.Unsafe.prefetchRead(Ljava/lang/Object;J)V name or signature does not match> (0x0000000795587fa8) thrown at [/Users/java_re/workspace/8-2-build-macosx-x86_64/jdk8u77/6540/hotspot/src/share/vm/prim
Event: 0.136 Thread 0x00007ffbc4803000 Exception <a 'java/security/PrivilegedActionException'> (0x00000007957322f0) thrown at [/Users/java_re/workspace/8-2-build-macosx-x86_64/jdk8u77/6540/hotspot/src/share/vm/prims/jvm.cpp, line 1386]
Event: 0.136 Thread 0x00007ffbc4803000 Exception <a 'java/security/PrivilegedActionException'> (0x0000000795732500) thrown at [/Users/java_re/workspace/8-2-build-macosx-x86_64/jdk8u77/6540/hotspot/src/share/vm/prims/jvm.cpp, line 1386]
Event: 0.136 Thread 0x00007ffbc4803000 Exception <a 'java/security/PrivilegedActionException'> (0x0000000795735988) thrown at [/Users/java_re/workspace/8-2-build-macosx-x86_64/jdk8u77/6540/hotspot/src/share/vm/prims/jvm.cpp, line 1386]
Event: 0.136 Thread 0x00007ffbc4803000 Exception <a 'java/security/PrivilegedActionException'> (0x0000000795735b98) thrown at [/Users/java_re/workspace/8-2-build-macosx-x86_64/jdk8u77/6540/hotspot/src/share/vm/prims/jvm.cpp, line 1386]
Event: 0.203 Thread 0x00007ffbc4803000 Exception <a 'java/lang/NoSuchFieldError': method resolution failed> (0x00000007958030e0) thrown at [/Users/java_re/workspace/8-2-build-macosx-x86_64/jdk8u77/6540/hotspot/src/share/vm/prims/methodHandles.cpp, line 1146]
Event: 0.206 Thread 0x00007ffbc4803000 Exception <a 'java/lang/NoSuchFieldError': method resolution failed> (0x0000000795810830) thrown at [/Users/java_re/workspace/8-2-build-macosx-x86_64/jdk8u77/6540/hotspot/src/share/vm/prims/methodHandles.cpp, line 1146]
Event: 0.521 Thread 0x00007ffbc4803000 Exception <a 'java/io/FileNotFoundException'> (0x000000079588bf20) thrown at [/Users/java_re/workspace/8-2-build-macosx-x86_64/jdk8u77/6540/hotspot/src/share/vm/prims/jni.cpp, line 709]
Event: 0.521 Thread 0x00007ffbc4803000 Exception <a 'java/io/FileNotFoundException'> (0x000000079588ca88) thrown at [/Users/java_re/workspace/8-2-build-macosx-x86_64/jdk8u77/6540/hotspot/src/share/vm/prims/jni.cpp, line 709]

Events (10 events):
Event: 3.808 Thread 0x00007ffbc4803000 Uncommon trap: trap_request=0xffffffd6 fr.pc=0x0000000108e9792c
Event: 3.808 Thread 0x00007ffbc4803000 DEOPT PACKING pc=0x0000000108e9792c sp=0x000070000f61f4e0
Event: 3.808 Thread 0x00007ffbc4803000 DEOPT UNPACKING pc=0x0000000108b94229 sp=0x000070000f61f498 mode 2
Event: 3.808 Thread 0x00007ffbc4803000 Uncommon trap: trap_request=0xffffffd6 fr.pc=0x0000000108e9792c
Event: 3.808 Thread 0x00007ffbc4803000 DEOPT PACKING pc=0x0000000108e9792c sp=0x000070000f61f4e0
Event: 3.808 Thread 0x00007ffbc4803000 DEOPT UNPACKING pc=0x0000000108b94229 sp=0x000070000f61f498 mode 2
Event: 4.119 Executing VM operation: EnableBiasedLocking
Event: 4.119 Executing VM operation: EnableBiasedLocking done
Event: 4.149 loading class org/lwjgl/opengl/CallbackUtil
Event: 4.149 loading class org/lwjgl/opengl/CallbackUtil done


Dynamic libraries:
0x00000000086f7000 	/System/Library/Frameworks/Cocoa.framework/Versions/A/Cocoa
0x00000000086f7000 	/System/Library/Frameworks/Security.framework/Versions/A/Security
0x00000000086f7000 	/System/Library/Frameworks/ApplicationServices.framework/Versions/A/ApplicationServices
0x00000000086f7000 	/usr/lib/libz.1.dylib
0x00000000086f7000 	/usr/lib/libSystem.B.dylib
0x00000000086f7000 	/usr/lib/libobjc.A.dylib
0x00000000086f7000 	/System/Library/Frameworks/CoreFoundation.framework/Versions/A/CoreFoundation
0x00000000086f7000 	/System/Library/Frameworks/Foundation.framework/Versions/C/Foundation
0x00000000086f7000 	/System/Library/Frameworks/AppKit.framework/Versions/C/AppKit
0x00000000086f7000 	/System/Library/Frameworks/CoreData.framework/Versions/A/CoreData
0x00000000086f7000 	/System/Library/PrivateFrameworks/RemoteViewServices.framework/Versions/A/RemoteViewServices
0x00000000086f7000 	/System/Library/PrivateFrameworks/UIFoundation.framework/Versions/A/UIFoundation
0x00000000086f7000 	/usr/lib/libenergytrace.dylib
0x00000000086f7000 	/System/Library/PrivateFrameworks/SkyLight.framework/Versions/A/SkyLight
0x00000000086f7000 	/System/Library/Frameworks/CoreGraphics.framework/Versions/A/CoreGraphics
0x00000000086f7000 	/usr/lib/libScreenReader.dylib
0x00000000086f7000 	/System/Library/Frameworks/Accelerate.framework/Versions/A/Accelerate
0x00000000086f7000 	/System/Library/Frameworks/IOSurface.framework/Versions/A/IOSurface
0x00000000086f7000 	/System/Library/Frameworks/AudioToolbox.framework/Versions/A/AudioToolbox
0x00000000086f7000 	/System/Library/Frameworks/AudioUnit.framework/Versions/A/AudioUnit
0x00000000086f7000 	/System/Library/PrivateFrameworks/DataDetectorsCore.framework/Versions/A/DataDetectorsCore
0x00000000086f7000 	/System/Library/PrivateFrameworks/DesktopServicesPriv.framework/Versions/A/DesktopServicesPriv
0x00000000086f7000 	/System/Library/Frameworks/Carbon.framework/Versions/A/Frameworks/HIToolbox.framework/Versions/A/HIToolbox
0x00000000086f7000 	/usr/lib/libicucore.A.dylib
0x00000000086f7000 	/System/Library/Frameworks/QuartzCore.framework/Versions/A/QuartzCore
0x00000000086f7000 	/System/Library/Frameworks/Carbon.framework/Versions/A/Frameworks/SpeechRecognition.framework/Versions/A/SpeechRecognition
0x00000000086f7000 	/usr/lib/libauto.dylib
0x00000000086f7000 	/usr/lib/libxml2.2.dylib
0x00000000086f7000 	/System/Library/PrivateFrameworks/CoreUI.framework/Versions/A/CoreUI
0x00000000086f7000 	/System/Library/Frameworks/CoreAudio.framework/Versions/A/CoreAudio
0x00000000086f7000 	/System/Library/Frameworks/DiskArbitration.framework/Versions/A/DiskArbitration
0x00000000086f7000 	/usr/lib/liblangid.dylib
0x00000000086f7000 	/System/Library/PrivateFrameworks/MultitouchSupport.framework/Versions/A/MultitouchSupport
0x00000000086f7000 	/System/Library/Frameworks/IOKit.framework/Versions/A/IOKit
0x00000000086f7000 	/usr/lib/libDiagnosticMessagesClient.dylib
0x00000000086f7000 	/System/Library/Frameworks/CoreServices.framework/Versions/A/CoreServices
0x00000000086f7000 	/System/Library/PrivateFrameworks/PerformanceAnalysis.framework/Versions/A/PerformanceAnalysis
0x00000000086f7000 	/System/Library/PrivateFrameworks/GenerationalStorage.framework/Versions/A/GenerationalStorage
0x00000000086f7000 	/System/Library/Frameworks/OpenGL.framework/Versions/A/OpenGL
0x00000000086f7000 	/System/Library/Frameworks/CoreImage.framework/Versions/A/CoreImage
0x00000000086f7000 	/System/Library/Frameworks/CoreText.framework/Versions/A/CoreText
0x00000000086f7000 	/System/Library/Frameworks/ImageIO.framework/Versions/A/ImageIO
0x00000000086f7000 	/System/Library/PrivateFrameworks/Backup.framework/Versions/A/Backup
0x00000000086f7000 	/usr/lib/libarchive.2.dylib
0x00000000086f7000 	/System/Library/Frameworks/CFNetwork.framework/Versions/A/CFNetwork
0x00000000086f7000 	/System/Library/Frameworks/SystemConfiguration.framework/Versions/A/SystemConfiguration
0x00000000086f7000 	/usr/lib/libCRFSuite.dylib
0x00000000086f7000 	/usr/lib/libc++.1.dylib
0x00000000086f7000 	/usr/lib/libc++abi.dylib
0x00000000086f7000 	/usr/lib/system/libcache.dylib
0x00000000086f7000 	/usr/lib/system/libcommonCrypto.dylib
0x00000000086f7000 	/usr/lib/system/libcompiler_rt.dylib
0x00000000086f7000 	/usr/lib/system/libcopyfile.dylib
0x00000000086f7000 	/usr/lib/system/libcorecrypto.dylib
0x00000000086f7000 	/usr/lib/system/libdispatch.dylib
0x00000000086f7000 	/usr/lib/system/libdyld.dylib
0x00000000086f7000 	/usr/lib/system/libkeymgr.dylib
0x00000000086f7000 	/usr/lib/system/liblaunch.dylib
0x00000000086f7000 	/usr/lib/system/libmacho.dylib
0x00000000086f7000 	/usr/lib/system/libquarantine.dylib
0x00000000086f7000 	/usr/lib/system/libremovefile.dylib
0x00000000086f7000 	/usr/lib/system/libsystem_asl.dylib
0x00000000086f7000 	/usr/lib/system/libsystem_blocks.dylib
0x00000000086f7000 	/usr/lib/system/libsystem_c.dylib
0x00000000086f7000 	/usr/lib/system/libsystem_configuration.dylib
0x00000000086f7000 	/usr/lib/system/libsystem_coreservices.dylib
0x00000000086f7000 	/usr/lib/system/libsystem_coretls.dylib
0x00000000086f7000 	/usr/lib/system/libsystem_dnssd.dylib
0x00000000086f7000 	/usr/lib/system/libsystem_info.dylib
0x00000000086f7000 	/usr/lib/system/libsystem_kernel.dylib
0x00000000086f7000 	/usr/lib/system/libsystem_m.dylib
0x00000000086f7000 	/usr/lib/system/libsystem_malloc.dylib
0x00000000086f7000 	/usr/lib/system/libsystem_network.dylib
0x00000000086f7000 	/usr/lib/system/libsystem_networkextension.dylib
0x00000000086f7000 	/usr/lib/system/libsystem_notify.dylib
0x00000000086f7000 	/usr/lib/system/libsystem_platform.dylib
0x00000000086f7000 	/usr/lib/system/libsystem_pthread.dylib
0x00000000086f7000 	/usr/lib/system/libsystem_sandbox.dylib
0x00000000086f7000 	/usr/lib/system/libsystem_secinit.dylib
0x00000000086f7000 	/usr/lib/system/libsystem_symptoms.dylib
0x00000000086f7000 	/usr/lib/system/libsystem_trace.dylib
0x00000000086f7000 	/usr/lib/system/libunwind.dylib
0x00000000086f7000 	/usr/lib/system/libxpc.dylib
0x00000000086f7000 	/usr/lib/libbsm.0.dylib
0x00000000086f7000 	/usr/lib/system/libkxld.dylib
0x00000000086f7000 	/usr/lib/libcoretls.dylib
0x00000000086f7000 	/usr/lib/libcoretls_cfhelpers.dylib
0x00000000086f7000 	/usr/lib/libxar.1.dylib
0x00000000086f7000 	/usr/lib/libsqlite3.dylib
0x00000000086f7000 	/usr/lib/libpam.2.dylib
0x00000000086f7000 	/usr/lib/libOpenScriptingUtil.dylib
0x00000000086f7000 	/usr/lib/libbz2.1.0.dylib
0x00000000086f7000 	/usr/lib/liblzma.5.dylib
0x00000000086f7000 	/usr/lib/libnetwork.dylib
0x00000000086f7000 	/usr/lib/libpcap.A.dylib
0x00000000086f7000 	/System/Library/Frameworks/CoreServices.framework/Versions/A/Frameworks/FSEvents.framework/Versions/A/FSEvents
0x00000000086f7000 	/System/Library/Frameworks/CoreServices.framework/Versions/A/Frameworks/CarbonCore.framework/Versions/A/CarbonCore
0x00000000086f7000 	/System/Library/Frameworks/CoreServices.framework/Versions/A/Frameworks/Metadata.framework/Versions/A/Metadata
0x00000000086f7000 	/System/Library/Frameworks/CoreServices.framework/Versions/A/Frameworks/OSServices.framework/Versions/A/OSServices
0x00000000086f7000 	/System/Library/Frameworks/CoreServices.framework/Versions/A/Frameworks/SearchKit.framework/Versions/A/SearchKit
0x00000000086f7000 	/System/Library/Frameworks/CoreServices.framework/Versions/A/Frameworks/AE.framework/Versions/A/AE
0x00000000086f7000 	/System/Library/Frameworks/CoreServices.framework/Versions/A/Frameworks/LaunchServices.framework/Versions/A/LaunchServices
0x00000000086f7000 	/System/Library/Frameworks/CoreServices.framework/Versions/A/Frameworks/DictionaryServices.framework/Versions/A/DictionaryServices
0x00000000086f7000 	/System/Library/Frameworks/CoreServices.framework/Versions/A/Frameworks/SharedFileList.framework/Versions/A/SharedFileList
0x00000000086f7000 	/System/Library/Frameworks/NetFS.framework/Versions/A/NetFS
0x00000000086f7000 	/System/Library/PrivateFrameworks/NetAuth.framework/Versions/A/NetAuth
0x00000000086f7000 	/System/Library/PrivateFrameworks/login.framework/Versions/A/Frameworks/loginsupport.framework/Versions/A/loginsupport
0x00000000086f7000 	/System/Library/PrivateFrameworks/TCC.framework/Versions/A/TCC
0x00000000086f7000 	/usr/lib/libmecabra.dylib
0x00000000086f7000 	/System/Library/Frameworks/ApplicationServices.framework/Versions/A/Frameworks/ATS.framework/Versions/A/ATS
0x00000000086f7000 	/System/Library/Frameworks/ApplicationServices.framework/Versions/A/Frameworks/ColorSync.framework/Versions/A/ColorSync
0x00000000086f7000 	/System/Library/Frameworks/ApplicationServices.framework/Versions/A/Frameworks/HIServices.framework/Versions/A/HIServices
0x00000000086f7000 	/System/Library/Frameworks/ApplicationServices.framework/Versions/A/Frameworks/LangAnalysis.framework/Versions/A/LangAnalysis
0x00000000086f7000 	/System/Library/Frameworks/ApplicationServices.framework/Versions/A/Frameworks/PrintCore.framework/Versions/A/PrintCore
0x00000000086f7000 	/System/Library/Frameworks/ApplicationServices.framework/Versions/A/Frameworks/QD.framework/Versions/A/QD
0x00000000086f7000 	/System/Library/Frameworks/ApplicationServices.framework/Versions/A/Frameworks/SpeechSynthesis.framework/Versions/A/SpeechSynthesis
0x00000000086f7000 	/System/Library/Frameworks/Accelerate.framework/Versions/A/Frameworks/vImage.framework/Versions/A/vImage
0x00000000086f7000 	/System/Library/Frameworks/Accelerate.framework/Versions/A/Frameworks/vecLib.framework/Versions/A/vecLib
0x00000000086f7000 	/System/Library/Frameworks/Accelerate.framework/Versions/A/Frameworks/vecLib.framework/Versions/A/libvDSP.dylib
0x00000000086f7000 	/System/Library/Frameworks/Accelerate.framework/Versions/A/Frameworks/vecLib.framework/Versions/A/libBNNS.dylib
0x00000000086f7000 	/System/Library/Frameworks/Accelerate.framework/Versions/A/Frameworks/vecLib.framework/Versions/A/libQuadrature.dylib
0x00000000086f7000 	/System/Library/Frameworks/Accelerate.framework/Versions/A/Frameworks/vecLib.framework/Versions/A/libvMisc.dylib
0x00000000086f7000 	/System/Library/Frameworks/Accelerate.framework/Versions/A/Frameworks/vecLib.framework/Versions/A/libLAPACK.dylib
0x00000000086f7000 	/System/Library/Frameworks/Accelerate.framework/Versions/A/Frameworks/vecLib.framework/Versions/A/libBLAS.dylib
0x00000000086f7000 	/System/Library/Frameworks/Accelerate.framework/Versions/A/Frameworks/vecLib.framework/Versions/A/libLinearAlgebra.dylib
0x00000000086f7000 	/System/Library/Frameworks/Accelerate.framework/Versions/A/Frameworks/vecLib.framework/Versions/A/libSparseBLAS.dylib
0x00000000086f7000 	/System/Library/Frameworks/ApplicationServices.framework/Versions/A/Frameworks/ATS.framework/Versions/A/Resources/libFontParser.dylib
0x00000000086f7000 	/System/Library/Frameworks/ApplicationServices.framework/Versions/A/Frameworks/ATS.framework/Versions/A/Resources/libFontRegistry.dylib
0x00000000086f7000 	/System/Library/Frameworks/ImageIO.framework/Versions/A/Resources/libJPEG.dylib
0x00000000086f7000 	/System/Library/Frameworks/ImageIO.framework/Versions/A/Resources/libTIFF.dylib
0x00000000086f7000 	/System/Library/Frameworks/ImageIO.framework/Versions/A/Resources/libPng.dylib
0x00000000086f7000 	/System/Library/Frameworks/ImageIO.framework/Versions/A/Resources/libGIF.dylib
0x00000000086f7000 	/System/Library/Frameworks/ImageIO.framework/Versions/A/Resources/libJP2.dylib
0x00000000086f7000 	/System/Library/Frameworks/ImageIO.framework/Versions/A/Resources/libRadiance.dylib
0x00000000086f7000 	/usr/lib/libcompression.dylib
0x00000000086f7000 	/System/Library/PrivateFrameworks/AppleJPEG.framework/Versions/A/AppleJPEG
0x00000000086f7000 	/usr/lib/libcups.2.dylib
0x00000000086f7000 	/System/Library/Frameworks/Kerberos.framework/Versions/A/Kerberos
0x00000000086f7000 	/System/Library/Frameworks/GSS.framework/Versions/A/GSS
0x00000000086f7000 	/usr/lib/libresolv.9.dylib
0x00000000086f7000 	/usr/lib/libiconv.2.dylib
0x00000000086f7000 	/System/Library/PrivateFrameworks/Heimdal.framework/Versions/A/Heimdal
0x00000000086f7000 	/usr/lib/libheimdal-asn1.dylib
0x00000000086f7000 	/System/Library/Frameworks/OpenDirectory.framework/Versions/A/OpenDirectory
0x00000000086f7000 	/System/Library/PrivateFrameworks/CommonAuth.framework/Versions/A/CommonAuth
0x00000000086f7000 	/System/Library/Frameworks/OpenDirectory.framework/Versions/A/Frameworks/CFOpenDirectory.framework/Versions/A/CFOpenDirectory
0x00000000086f7000 	/System/Library/Frameworks/SecurityFoundation.framework/Versions/A/SecurityFoundation
0x00000000086f7000 	/System/Library/PrivateFrameworks/LanguageModeling.framework/Versions/A/LanguageModeling
0x00000000086f7000 	/usr/lib/libmarisa.dylib
0x00000000086f7000 	/usr/lib/libChineseTokenizer.dylib
0x00000000086f7000 	/usr/lib/libcmph.dylib
0x00000000086f7000 	/System/Library/PrivateFrameworks/CoreEmoji.framework/Versions/A/CoreEmoji
0x00000000086f7000 	/System/Library/Frameworks/ServiceManagement.framework/Versions/A/ServiceManagement
0x00000000086f7000 	/usr/lib/libxslt.1.dylib
0x00000000086f7000 	/System/Library/Frameworks/Carbon.framework/Versions/A/Frameworks/Ink.framework/Versions/A/Ink
0x00000000086f7000 	/System/Library/PrivateFrameworks/TextureIO.framework/Versions/A/TextureIO
0x00000000086f7000 	/System/Library/Frameworks/Metal.framework/Versions/A/Metal
0x00000000086f7000 	/usr/lib/libate.dylib
0x00000000086f7000 	/System/Library/PrivateFrameworks/GPUCompiler.framework/libmetal_timestamp.dylib
0x00000000086f7000 	/System/Library/Frameworks/OpenGL.framework/Versions/A/Libraries/libCoreFSCache.dylib
0x00000000086f7000 	/System/Library/PrivateFrameworks/IOAccelerator.framework/Versions/A/IOAccelerator
0x00000000086f7000 	/System/Library/Frameworks/CoreVideo.framework/Versions/A/CoreVideo
0x00000000086f7000 	/usr/lib/libFosl_dynamic.dylib
0x00000000086f7000 	/System/Library/PrivateFrameworks/MetalPerformanceShaders.framework/Versions/A/MetalPerformanceShaders
0x00000000086f7000 	/System/Library/PrivateFrameworks/FaceCore.framework/Versions/A/FaceCore
0x00000000086f7000 	/System/Library/Frameworks/OpenCL.framework/Versions/A/OpenCL
0x00000000086f7000 	/System/Library/Frameworks/OpenGL.framework/Versions/A/Libraries/libGLU.dylib
0x00000000086f7000 	/System/Library/Frameworks/OpenGL.framework/Versions/A/Libraries/libGFXShared.dylib
0x00000000086f7000 	/System/Library/Frameworks/OpenGL.framework/Versions/A/Libraries/libGL.dylib
0x00000000086f7000 	/System/Library/Frameworks/OpenGL.framework/Versions/A/Libraries/libGLImage.dylib
0x00000000086f7000 	/System/Library/Frameworks/OpenGL.framework/Versions/A/Libraries/libCVMSPluginSupport.dylib
0x00000000086f7000 	/System/Library/Frameworks/OpenGL.framework/Versions/A/Libraries/libCoreVMClient.dylib
0x00000000086f7000 	/System/Library/PrivateFrameworks/CrashReporterSupport.framework/Versions/A/CrashReporterSupport
0x00000000086f7000 	/System/Library/PrivateFrameworks/Sharing.framework/Versions/A/Sharing
0x00000000086f7000 	/System/Library/PrivateFrameworks/IconServices.framework/Versions/A/IconServices
0x00000000086f7000 	/System/Library/PrivateFrameworks/ProtocolBuffer.framework/Versions/A/ProtocolBuffer
0x00000000086f7000 	/System/Library/PrivateFrameworks/Apple80211.framework/Versions/A/Apple80211
0x00000000086f7000 	/System/Library/Frameworks/CoreWLAN.framework/Versions/A/CoreWLAN
0x00000000086f7000 	/System/Library/PrivateFrameworks/CoreUtils.framework/Versions/A/CoreUtils
0x00000000086f7000 	/System/Library/Frameworks/IOBluetooth.framework/Versions/A/IOBluetooth
0x00000000086f7000 	/System/Library/PrivateFrameworks/CoreWiFi.framework/Versions/A/CoreWiFi
0x00000000086f7000 	/System/Library/Frameworks/CoreBluetooth.framework/Versions/A/CoreBluetooth
0x00000000086f7000 	/System/Library/Frameworks/CoreDisplay.framework/Versions/A/CoreDisplay
0x00000000086f7000 	/System/Library/PrivateFrameworks/IOPresentment.framework/Versions/A/IOPresentment
0x00000000086f7000 	/System/Library/PrivateFrameworks/DebugSymbols.framework/Versions/A/DebugSymbols
0x00000000086f7000 	/System/Library/PrivateFrameworks/CoreSymbolication.framework/Versions/A/CoreSymbolication
0x00000000086f7000 	/System/Library/PrivateFrameworks/Symbolication.framework/Versions/A/Symbolication
0x00000000086f7000 	/System/Library/PrivateFrameworks/AppleFSCompression.framework/Versions/A/AppleFSCompression
0x00000000086f7000 	/System/Library/PrivateFrameworks/SpeechRecognitionCore.framework/Versions/A/SpeechRecognitionCore
0x00000000086f7000 	/System/Library/PrivateFrameworks/ChunkingLibrary.framework/Versions/A/ChunkingLibrary
0x0000000107c00000 	/Library/Java/JavaVirtualMachines/jdk1.8.0_77.jdk/Contents/Home/jre/lib/server/libjvm.dylib
0x00000000086f7000 	/usr/lib/libstdc++.6.dylib
0x0000000106c12000 	/Library/Java/JavaVirtualMachines/jdk1.8.0_77.jdk/Contents/Home/jre/lib/libverify.dylib
0x0000000106c20000 	/Library/Java/JavaVirtualMachines/jdk1.8.0_77.jdk/Contents/Home/jre/lib/libjava.dylib
0x0000000106c5f000 	/Library/Java/JavaVirtualMachines/jdk1.8.0_77.jdk/Contents/Home/jre/lib/libzip.dylib
0x00000001073d0000 	/System/Library/Frameworks/JavaVM.framework/Frameworks/JavaRuntimeSupport.framework/JavaRuntimeSupport
0x00000001073ea000 	/System/Library/Frameworks/JavaVM.framework/Versions/A/Frameworks/JavaNativeFoundation.framework/Versions/A/JavaNativeFoundation
0x000000011de1f000 	/System/Library/Frameworks/JavaVM.framework/Versions/A/JavaVM
0x00000000086f7000 	/System/Library/Frameworks/Carbon.framework/Versions/A/Carbon
0x000000011de2c000 	/System/Library/PrivateFrameworks/JavaLaunching.framework/Versions/A/JavaLaunching
0x00000000086f7000 	/System/Library/Frameworks/Carbon.framework/Versions/A/Frameworks/CommonPanels.framework/Versions/A/CommonPanels
0x00000000086f7000 	/System/Library/Frameworks/Carbon.framework/Versions/A/Frameworks/Help.framework/Versions/A/Help
0x00000000086f7000 	/System/Library/Frameworks/Carbon.framework/Versions/A/Frameworks/ImageCapture.framework/Versions/A/ImageCapture
0x00000000086f7000 	/System/Library/Frameworks/Carbon.framework/Versions/A/Frameworks/OpenScripting.framework/Versions/A/OpenScripting
0x00000000086f7000 	/System/Library/Frameworks/Carbon.framework/Versions/A/Frameworks/Print.framework/Versions/A/Print
0x00000000086f7000 	/System/Library/Frameworks/Carbon.framework/Versions/A/Frameworks/SecurityHI.framework/Versions/A/SecurityHI
0x000000011f760000 	/Library/Java/JavaVirtualMachines/jdk1.8.0_77.jdk/Contents/Home/jre/lib/libawt.dylib
0x000000011f808000 	/Library/Java/JavaVirtualMachines/jdk1.8.0_77.jdk/Contents/Home/jre/lib/./libmlib_image.dylib
0x000000011f8d4000 	/Library/Java/JavaVirtualMachines/jdk1.8.0_77.jdk/Contents/Home/jre/lib/libawt_lwawt.dylib
0x000000011f989000 	/Library/Java/JavaVirtualMachines/jdk1.8.0_77.jdk/Contents/Home/jre/lib/./libosxapp.dylib
0x00000000086f7000 	/System/Library/Frameworks/ExceptionHandling.framework/Versions/A/ExceptionHandling
0x00000000086f7000 	/System/Library/PrivateFrameworks/CoreServicesInternal.framework/Versions/A/CoreServicesInternal
0x00000000086f7000 	/System/Library/CoreServices/RawCamera.bundle/Contents/MacOS/RawCamera
0x00000000086f7000 	/System/Library/Frameworks/Accelerate.framework/Versions/A/Frameworks/vImage.framework/Versions/A/Libraries/libCGInterfaces.dylib
0x00000000086f7000 	/System/Library/Frameworks/ApplicationServices.framework/Versions/A/Frameworks/ATS.framework/Versions/A/Resources/libTrueTypeScaler.dylib
0x00000000086f7000 	/System/Library/Frameworks/OpenGL.framework/Versions/A/Resources/GLEngine.bundle/GLEngine
0x00000000086f7000 	/System/Library/Frameworks/OpenGL.framework/Versions/A/Libraries/libGLProgrammability.dylib
0x00000001218ad000 	/System/Library/Extensions/AppleIntelBDWGraphicsGLDriver.bundle/Contents/MacOS/AppleIntelBDWGraphicsGLDriver
0x00000000086f7000 	/System/Library/PrivateFrameworks/GPUSupport.framework/Versions/A/Libraries/libGPUSupportMercury.dylib
0x00000000086f7000 	/System/Library/Frameworks/OpenGL.framework/Versions/A/Resources/GLRendererFloat.bundle/GLRendererFloat
0x00000000086f7000 	/System/Library/Frameworks/OpenCL.framework/Versions/A/Libraries/libcldcpuengine.dylib
0x00000000086f7000 	/usr/lib/libcrypto.0.9.8.dylib
0x00000000086f7000 	/System/Library/PrivateFrameworks/TrustEvaluationAgent.framework/Versions/A/TrustEvaluationAgent
0x0000000122027000 	/System/Library/Extensions/AppleIntelBDWGraphicsMTLDriver.bundle/Contents/MacOS/AppleIntelBDWGraphicsMTLDriver
0x00000000086f7000 	/System/Library/PrivateFrameworks/FamilyControls.framework/Versions/A/FamilyControls
0x00000000086f7000 	/System/Library/PrivateFrameworks/CommerceKit.framework/Versions/A/Frameworks/CommerceCore.framework/Versions/A/CommerceCore
0x00000000086f7000 	/System/Library/PrivateFrameworks/SystemAdministration.framework/Versions/A/SystemAdministration
0x00000000086f7000 	/System/Library/PrivateFrameworks/AppContainer.framework/Versions/A/AppContainer
0x00000000086f7000 	/System/Library/PrivateFrameworks/SecCodeWrapper.framework/Versions/A/SecCodeWrapper
0x00000000086f7000 	/System/Library/Frameworks/DirectoryService.framework/Versions/A/DirectoryService
0x00000000086f7000 	/System/Library/PrivateFrameworks/DiskImages.framework/Versions/A/DiskImages
0x00000000086f7000 	/System/Library/PrivateFrameworks/LoginUIKit.framework/Versions/A/Frameworks/LoginUICore.framework/Versions/A/LoginUICore
0x00000000086f7000 	/usr/lib/libCoreStorage.dylib
0x00000000086f7000 	/usr/lib/libcsfde.dylib
0x00000000086f7000 	/usr/lib/libodfde.dylib
0x00000000086f7000 	/System/Library/Frameworks/DiscRecording.framework/Versions/A/DiscRecording
0x00000000086f7000 	/usr/lib/libcurl.4.dylib
0x00000000086f7000 	/System/Library/PrivateFrameworks/MediaKit.framework/Versions/A/MediaKit
0x00000000086f7000 	/System/Library/PrivateFrameworks/ProtectedCloudStorage.framework/Versions/A/ProtectedCloudStorage
0x00000000086f7000 	/System/Library/PrivateFrameworks/EFILogin.framework/Versions/A/EFILogin
0x00000000086f7000 	/usr/lib/libutil.dylib
0x00000000086f7000 	/System/Library/Frameworks/LDAP.framework/Versions/A/LDAP
0x00000000086f7000 	/usr/lib/libsasl2.2.dylib
0x00000000086f7000 	/System/Library/PrivateFrameworks/CoreDaemon.framework/Versions/B/CoreDaemon
0x00000000086f7000 	/System/Library/PrivateFrameworks/AppleSRP.framework/Versions/A/AppleSRP
0x00000000086f7000 	/System/Library/PrivateFrameworks/APFS.framework/Versions/A/APFS
0x00000001234ec000 	/Library/Java/JavaVirtualMachines/jdk1.8.0_77.jdk/Contents/Home/jre/lib/libfontmanager.dylib
0x0000000123553000 	/Users/andyliang/Downloads/lwjgl-2.9.2/native/macosx/liblwjgl.dylib
0x000000011ff19000 	/Library/Java/JavaVirtualMachines/jdk1.8.0_77.jdk/Contents/Home/jre/lib/libjawt.dylib
0x00000000086f7000 	/System/Library/PrivateFrameworks/ViewBridge.framework/Versions/A/ViewBridge
0x00000000086f7000 	/System/Library/PrivateFrameworks/XPCService.framework/Versions/A/XPCService
0x00000000086f7000 	/System/Library/PrivateFrameworks/AppSandbox.framework/Versions/A/AppSandbox
0x00000000086f7000 	/usr/lib/libsandbox.1.dylib
0x00000000086f7000 	/usr/lib/libMatch.1.dylib
0x00000001247bb000 	/Library/Java/JavaVirtualMachines/jdk1.8.0_77.jdk/Contents/Home/jre/lib/libnet.dylib
0x00000001247d2000 	/Library/Java/JavaVirtualMachines/jdk1.8.0_77.jdk/Contents/Home/jre/lib/libnio.dylib

VM Arguments:
jvm_args: -Dfile.encoding=UTF-8 -Djava.library.path=/Users/andyliang/Downloads/lwjgl-2.9.2/native/macosx 
java_command: program.pkg2.Program2
java_class_path (initial): /Users/andyliang/Downloads/lwjgl-2.9.2/jar/jinput.jar:/Users/andyliang/Downloads/lwjgl-2.9.2/jar/lwjgl.jar:/Users/andyliang/Downloads/lwjgl-2.9.2/jar/lwjgl_util.jar:/Users/andyliang/Downloads/lwjgl-2.9.2/jar/AppleJavaExtensions.jar:/Users/andyliang/Downloads/lwjgl-2.9.2/jar/asm-debug-all.jar:/Users/andyliang/Downloads/lwjgl-2.9.2/jar/lwjgl-debug.jar:/Users/andyliang/Downloads/lwjgl-2.9.2/jar/lwjgl_test.jar:/Users/andyliang/Downloads/lwjgl-2.9.2/jar/lwjgl_util_applet.jar:/Users/andyliang/Downloads/lwjgl-2.9.2/jar/lzma.jar:/Users/andyliang/Desktop/CS445/Program 2/build/classes
Launcher Type: SUN_STANDARD

Environment Variables:
PATH=/usr/bin:/bin:/usr/sbin:/sbin
LD_LIBRARY_PATH=/Library/Java/JavaVirtualMachines/jdk1.8.0_77.jdk/Contents/Home/jre/lib/amd64:/Library/Java/JavaVirtualMachines/jdk1.8.0_77.jdk/Contents/Home/jre/lib/i386:
SHELL=/bin/bash

Signal Handlers:
SIGSEGV: [libjvm.dylib+0x5a6855], sa_mask[0]=11111111011111110111111111111111, sa_flags=SA_ONSTACK|SA_RESTART|SA_SIGINFO
SIGBUS: [libjvm.dylib+0x5a6855], sa_mask[0]=11111111011111110111111111111111, sa_flags=SA_RESTART|SA_SIGINFO
SIGFPE: [libjvm.dylib+0x4804ec], sa_mask[0]=11111111011111110111111111111111, sa_flags=SA_RESTART|SA_SIGINFO
SIGPIPE: [libjvm.dylib+0x4804ec], sa_mask[0]=11111111011111110111111111111111, sa_flags=SA_RESTART|SA_SIGINFO
SIGXFSZ: [libjvm.dylib+0x4804ec], sa_mask[0]=11111111011111110111111111111111, sa_flags=SA_RESTART|SA_SIGINFO
SIGILL: [libjvm.dylib+0x4804ec], sa_mask[0]=11111111011111110111111111111111, sa_flags=SA_RESTART|SA_SIGINFO
SIGUSR1: SIG_DFL, sa_mask[0]=00000000000000000000000000000000, sa_flags=none
SIGUSR2: [libjvm.dylib+0x48000a], sa_mask[0]=00100000000000000000000000000000, sa_flags=SA_RESTART|SA_SIGINFO
SIGHUP: [libjvm.dylib+0x47e5e1], sa_mask[0]=11111111011111110111111111111111, sa_flags=SA_RESTART|SA_SIGINFO
SIGINT: SIG_IGN, sa_mask[0]=00000000000000000000000000000000, sa_flags=none
SIGTERM: [libjvm.dylib+0x47e5e1], sa_mask[0]=11111111011111110111111111111111, sa_flags=SA_RESTART|SA_SIGINFO
SIGQUIT: [libjvm.dylib+0x47e5e1], sa_mask[0]=11111111011111110111111111111111, sa_flags=SA_RESTART|SA_SIGINFO


---------------  S Y S T E M  ---------------

OS:Bsduname:Darwin 16.0.0 Darwin Kernel Version 16.0.0: Mon Aug 29 17:56:20 PDT 2016; root:xnu-3789.1.32~3/RELEASE_X86_64 x86_64
rlimit: STACK 8192k, CORE 0k, NPROC 709, NOFILE 10240, AS infinity
load average:1.69 1.29 1.26

CPU:total 4 (2 cores per cpu, 2 threads per core) family 6 model 61 stepping 4, cmov, cx8, fxsr, mmx, sse, sse2, sse3, ssse3, sse4.1, sse4.2, popcnt, avx, avx2, aes, clmul, erms, 3dnowpref, lzcnt, ht, tsc, tscinvbit, bmi1, bmi2, adx

Memory: 4k page, physical 8388608k(2543768k free)

/proc/meminfo:


vm_info: Java HotSpot(TM) 64-Bit Server VM (25.77-b03) for bsd-amd64 JRE (1.8.0_77-b03), built on Mar 20 2016 22:14:03 by "java_re" with gcc 4.2.1 (Based on Apple Inc. build 5658) (LLVM build 2336.11.00)

time: Sat Apr 15 21:51:29 2017
elapsed time: 4 seconds (0d 0h 0m 4s)

