#
# A fatal error has been detected by the Java Runtime Environment:
#
#  SIGSEGV (0xb) at pc=0x00007fffb0719a29, pid=6319, tid=2059
#
# JRE version: Java(TM) SE Runtime Environment (8.0_77-b03) (build 1.8.0_77-b03)
# Java VM: Java HotSpot(TM) 64-Bit Server VM (25.77-b03 mixed mode bsd-amd64 compressed oops)
# Problematic frame:
# C  [libobjc.A.dylib+0xba29]  weak_register_no_lock+0x41
#
# Failed to write core dump. Core dumps have been disabled. To enable core dumping, try "ulimit -c unlimited" before starting Java again
#
# If you would like to submit a bug report, please visit:
#   http://bugreport.java.com/bugreport/crash.jsp
# The crash happened outside the Java Virtual Machine in native code.
# See problematic frame for where to report the bug.
#

---------------  T H R E A D  ---------------

Current thread (0x00007fe487149800):  JavaThread "AppKit Thread" daemon [_thread_in_native, id=2059, stack(0x00007fff553b9000,0x00007fff55bb9000)]

siginfo: si_signo: 11 (SIGSEGV), si_code: 1 (SEGV_MAPERR), si_addr: 0x0000000000000020

Registers:
RAX=0x8000000000000000, RBX=0x00007fe485da8a00, RCX=0x0000000000000000, RDX=0x00007fe485e85f40
RSP=0x00007fff55bb34c0, RBP=0x00007fff55bb3510, RSI=0x00007fe485da8a00, RDI=0x00007fffb9c45de0
R8 =0x000000000000003f, R9 =0x00007fe485d91f30, R10=0x0000000000000001, R11=0x00007fe486e1b610
R12=0x0000000000000001, R13=0x00007fffb9c45480, R14=0x00007fffb9c45de0, R15=0x00007fe485e85f40
RIP=0x00007fffb0719a29, EFLAGS=0x0000000000010246, ERR=0x0000000000000004
  TRAPNO=0x000000000000000e

Top of Stack: (sp=0x00007fff55bb34c0)
0x00007fff55bb34c0:   00007fffb9c45480 00007fffb9c46380
0x00007fff55bb34d0:   00007fff55bb3560 00007fffb07198a8
0x00007fff55bb34e0:   0000000000000000 00007fffb9c45480
0x00007fff55bb34f0:   00007fe485e85f40 00007fffb9c45480
0x00007fff55bb3500:   00007fe485da8a00 0000000000000000
0x00007fff55bb3510:   00007fff55bb35a0 00007fffb071982f
0x00007fff55bb3520:   0000000000000000 00007fe485e85ec0
0x00007fff55bb3530:   ffff801b7a26e0d0 0000000000000940
0x00007fff55bb3540:   00007fffb9b8c5f0 0000000000000000
0x00007fff55bb3550:   00007fffb9c45dc0 00007fe485da8a00
0x00007fff55bb3560:   0000000000000000 00007fe485e85f40
0x00007fff55bb3570:   0000000000000004 00007fe485d91f30
0x00007fff55bb3580:   0000000000000000 00007fe485d91f30
0x00007fff55bb3590:   00007fe485e85d80 00007fe485da8a00
0x00007fff55bb35a0:   00007fff55bb35e0 00007fff9d9b352f
0x00007fff55bb35b0:   00007fff55bb35e0 0000000000000000
0x00007fff55bb35c0:   00007fe485da8a00 00007fff9a7b04c4
0x00007fff55bb35d0:   00007fe485d91f30 00007fffb0714b40
0x00007fff55bb35e0:   00007fff55bb3610 00007fff99f33947
0x00007fff55bb35f0:   00007fffb0714b40 00007fff55bb3698
0x00007fff55bb3600:   00007fff9a7ef604 00007fffb0714b40
0x00007fff55bb3610:   00007fff55bb3650 00007fff9a2acb6a
0x00007fff55bb3620:   0000000000000000 0000000000000000
0x00007fff55bb3630:   0000000000000094 00007fff9a7d4787
0x00007fff55bb3640:   00007fff55bb3698 0000000000000001
0x00007fff55bb3650:   00007fff55bb3680 00007fff99d8ae15
0x00007fff55bb3660:   0000000000000000 00007fe485da8a00
0x00007fff55bb3670:   00007fe485d91f30 0000000000000000
0x00007fff55bb3680:   00007fff55bb36e0 00007fff99f33784
0x00007fff55bb3690:   0000000000000000 00007fffb9cd5060
0x00007fff55bb36a0:   00000000c2000000 00007fff9a2aca7b
0x00007fff55bb36b0:   00007fffb5fbcfd0 0000000000000000 

Instructions: (pc=0x00007fffb0719a29)
0x00007fffb0719a09:   db 0f 84 1c 01 00 00 f6 c3 01 0f 85 10 01 00 00
0x00007fffb0719a19:   48 8b 03 48 b9 f8 ff ff ff ff 7f 00 00 48 21 c1
0x00007fffb0719a29:   f6 41 20 02 75 34 4c 8d 2d 5a cb 52 09 49 8b 75
0x00007fffb0719a39:   00 48 89 df e8 a7 1d 00 00 48 89 c1 31 c0 48 3b 

Register to memory mapping:

RAX=0x8000000000000000 is an unknown value
RBX=0x00007fe485da8a00 is an unknown value
RCX=0x0000000000000000 is an unknown value
RDX=0x00007fe485e85f40 is an unknown value
RSP=0x00007fff55bb34c0 is pointing into the stack for thread: 0x00007fe487149800
RBP=0x00007fff55bb3510 is pointing into the stack for thread: 0x00007fe487149800
RSI=0x00007fe485da8a00 is an unknown value
RDI=0x00007fffb9c45de0: _ZN12_GLOBAL__N_1L12SideTableBufE+0x960 in /usr/lib/libobjc.A.dylib at 0x00007fffb070e000
R8 =0x000000000000003f is an unknown value
R9 =0x00007fe485d91f30 is an unknown value
R10=0x0000000000000001 is an unknown value
R11=0x00007fe486e1b610 is an unknown value
R12=0x0000000000000001 is an unknown value
R13=0x00007fffb9c45480: _ZN12_GLOBAL__N_1L12SideTableBufE+0 in /usr/lib/libobjc.A.dylib at 0x00007fffb070e000
R14=0x00007fffb9c45de0: _ZN12_GLOBAL__N_1L12SideTableBufE+0x960 in /usr/lib/libobjc.A.dylib at 0x00007fffb070e000
R15=0x00007fe485e85f40 is an unknown value


Stack: [0x00007fff553b9000,0x00007fff55bb9000],  sp=0x00007fff55bb34c0,  free space=8169k
Native frames: (J=compiled Java code, j=interpreted, Vv=VM code, C=native code)
C  [libobjc.A.dylib+0xba29]  weak_register_no_lock+0x41
C  [libobjc.A.dylib+0xb82f]  objc_storeWeak+0x1c5
C  [Foundation+0x1852f]  -[NSConcreteMapTable setObject:forKey:]+0x6a
C  [AppKit+0x322947]  -[NSView(NSOpenGLContextAssociation) _setOpenGLContext:]+0x9b
C  [AppKit+0x69bb6a]  __27-[NSOpenGLContext setView:]_block_invoke+0xef
C  [AppKit+0x179e15]  NSPerformVisuallyAtomicChange+0x93
C  [AppKit+0x322784]  -[NSOpenGLContext setView:]+0x69
C  [liblwjgl.dylib+0xa586]  -[MacOSXOpenGLView lockFocus]+0x76
C  [AppKit+0x19ce1a]  -[NSView _recursiveDisplayRectIfNeededIgnoringOpacity:isVisibleRect:rectIsVisibleRectForView:topView:]+0x6ee
C  [AppKit+0x19d670]  -[NSView _recursiveDisplayRectIfNeededIgnoringOpacity:isVisibleRect:rectIsVisibleRectForView:topView:]+0xf44
C  [AppKit+0x19c24f]  -[NSThemeFrame _recursiveDisplayRectIfNeededIgnoringOpacity:isVisibleRect:rectIsVisibleRectForView:topView:]+0x14e
C  [AppKit+0x19a677]  -[NSView _displayRectIgnoringOpacity:isVisibleRect:rectIsVisibleRectForView:]+0x994
C  [AppKit+0x195f60]  -[NSView displayIfNeeded]+0x6d4
C  [AppKit+0x195873]  -[NSWindow displayIfNeeded]+0xe6
C  [AppKit+0x87ae32]  ___NSWindowGetDisplayCycleObserver_block_invoke.6208+0x115
C  [AppKit+0x195355]  __37+[NSDisplayCycle currentDisplayCycle]_block_invoke+0x1c6
C  [QuartzCore+0x11a4a]  _ZN2CA11Transaction19run_commit_handlersE18CATransactionPhase+0x2e
C  [QuartzCore+0x119270]  _ZN2CA7Context18commit_transactionEPNS_11TransactionE+0xa0
C  [QuartzCore+0x105e5]  _ZN2CA11Transaction6commitEv+0x1db
C  [AppKit+0x46b1cd]  __37+[NSDisplayCycle currentDisplayCycle]_block_invoke.31+0x143
C  [CoreFoundation+0xa6f67]  __CFRUNLOOP_IS_CALLING_OUT_TO_AN_OBSERVER_CALLBACK_FUNCTION__+0x17
C  [CoreFoundation+0xa6ed7]  __CFRunLoopDoObservers+0x187
C  [CoreFoundation+0x87b79]  __CFRunLoopRun+0x369
C  [CoreFoundation+0x875b4]  CFRunLoopRunSpecific+0x1a4
C  [HIToolbox+0x30f6c]  RunCurrentEventLoopInMode+0xf0
C  [HIToolbox+0x30ca9]  ReceiveNextEventCommon+0xb8
C  [HIToolbox+0x30bd6]  _BlockUntilNextEventMatchingListInModeWithFilter+0x47
C  [AppKit+0x475f5]  _DPSNextEvent+0x445
C  [AppKit+0x7578eb]  -[NSApplication(NSEvent) _nextEventMatchingEventMask:untilDate:inMode:dequeue:]+0x665
C  [libosxapp.dylib+0x23aa]  -[NSApplicationAWT nextEventMatchingMask:untilDate:inMode:dequeue:]+0x7c
C  [AppKit+0x3bfbd]  -[NSApplication run]+0x39e
C  [libosxapp.dylib+0x214d]  +[NSApplicationAWT runAWTLoopWithApp:]+0x9c
C  [libawt_lwawt.dylib+0x4455b]  -[AWTStarter starter:]+0x389
C  [Foundation+0x71f2a]  __NSThreadPerformPerform+0x146
C  [CoreFoundation+0xa7551]  __CFRUNLOOP_IS_CALLING_OUT_TO_A_SOURCE0_PERFORM_FUNCTION__+0x11
C  [CoreFoundation+0x886bd]  __CFRunLoopDoSources0+0x22d
C  [CoreFoundation+0x87bb6]  __CFRunLoopRun+0x3a6
C  [CoreFoundation+0x875b4]  CFRunLoopRunSpecific+0x1a4
C  [java+0x6463]  CreateExecutionEnvironment+0x367
C  [java+0x21ac]  JLI_Launch+0x7a0
C  [java+0x84c0]  main+0x65
C  [java+0x1a04]  start+0x34
C  0x0000000000000006


---------------  P R O C E S S  ---------------

Java Threads: ( => current thread )
  0x00007fe48697e800 JavaThread "AWT-Shutdown" [_thread_blocked, id=29471, stack(0x000070000ea34000,0x000070000eb34000)]
=>0x00007fe487149800 JavaThread "AppKit Thread" daemon [_thread_in_native, id=2059, stack(0x00007fff553b9000,0x00007fff55bb9000)]
  0x00007fe486003000 JavaThread "Service Thread" daemon [_thread_blocked, id=18435, stack(0x000070000e7ab000,0x000070000e8ab000)]
  0x00007fe487082000 JavaThread "C1 CompilerThread2" daemon [_thread_blocked, id=17923, stack(0x000070000e6a8000,0x000070000e7a8000)]
  0x00007fe487090800 JavaThread "C2 CompilerThread1" daemon [_thread_in_native, id=17411, stack(0x000070000e5a5000,0x000070000e6a5000)]
  0x00007fe486010000 JavaThread "C2 CompilerThread0" daemon [_thread_in_native, id=16899, stack(0x000070000e4a2000,0x000070000e5a2000)]
  0x00007fe487090000 JavaThread "Signal Dispatcher" daemon [_thread_blocked, id=16387, stack(0x000070000e39f000,0x000070000e49f000)]
  0x00007fe48600c000 JavaThread "Finalizer" daemon [_thread_blocked, id=12547, stack(0x000070000e29c000,0x000070000e39c000)]
  0x00007fe486009800 JavaThread "Reference Handler" daemon [_thread_blocked, id=12035, stack(0x000070000e199000,0x000070000e299000)]
  0x00007fe486806800 JavaThread "main" [_thread_in_native, id=7171, stack(0x000070000db87000,0x000070000dc87000)]

Other Threads:
  0x00007fe487804000 VMThread [stack: 0x000070000e096000,0x000070000e196000] [id=11523]
  0x00007fe486011800 WatcherThread [stack: 0x000070000e8ae000,0x000070000e9ae000] [id=18947]

VM state:not at safepoint (normal execution)

VM Mutex/Monitor currently owned by a thread: None

Heap:
 PSYoungGen      total 135168K, used 7417K [0x0000000795580000, 0x000000079db80000, 0x00000007c0000000)
  eden space 133120K, 4% used [0x0000000795580000,0x0000000795aee468,0x000000079d780000)
  from space 2048K, 90% used [0x000000079d980000,0x000000079db50000,0x000000079db80000)
  to   space 2048K, 0% used [0x000000079d780000,0x000000079d780000,0x000000079d980000)
 ParOldGen       total 87552K, used 48K [0x0000000740000000, 0x0000000745580000, 0x0000000795580000)
  object space 87552K, 0% used [0x0000000740000000,0x000000074000c000,0x0000000745580000)
 Metaspace       used 6761K, capacity 6915K, committed 7168K, reserved 1056768K
  class space    used 687K, capacity 760K, committed 768K, reserved 1048576K

Card table byte_map: [0x000000010bdc0000,0x000000010c1c1000] byte_map_base: 0x00000001083c0000

Marking Bits: (ParMarkBitMap*) 0x000000010a9a7ea0
 Begin Bits: [0x000000011cadb000, 0x000000011eadb000)
 End Bits:   [0x000000011eadb000, 0x0000000120adb000)

Polling page: 0x000000010b096000

CodeCache: size=245760Kb used=3082Kb max_used=3098Kb free=242677Kb
 bounds [0x000000010dadb000, 0x000000010ddfb000, 0x000000011cadb000]
 total_blobs=1099 nmethods=738 adapters=275
 compilation: enabled

Compilation events (10 events):
Event: 2.913 Thread 0x00007fe486010000 nmethod 735 0x000000010ddd84d0 code [0x000000010ddd8780, 0x000000010ddda678]
Event: 2.913 Thread 0x00007fe486010000  730       4       java.io.UnixFileSystem::normalize (75 bytes)
Event: 2.920 Thread 0x00007fe486010000 nmethod 730 0x000000010dda2010 code [0x000000010dda2160, 0x000000010dda23d8]
Event: 2.920 Thread 0x00007fe486010000  723       4       java.util.Scanner::findWithinHorizon (68 bytes)
Event: 2.924 Thread 0x00007fe487090800 nmethod 755 0x000000010dda12d0 code [0x000000010dda1460, 0x000000010dda1a58]
Event: 2.924 Thread 0x00007fe487090800  683       4       sun.misc.FloatingDecimal$ASCIIToBinaryBuffer::floatValue (1087 bytes)
Event: 2.930 Thread 0x00007fe487090800 nmethod 683 0x000000010dda3750 code [0x000000010dda38e0, 0x000000010dda3b78]
Event: 2.930 Thread 0x00007fe487090800  717  s    4       java.lang.StringBuffer::toString (36 bytes)
Event: 2.943 Thread 0x00007fe487090800 nmethod 717 0x000000010dda2e10 code [0x000000010dda2f80, 0x000000010dda3518]
Event: 2.943 Thread 0x00007fe487090800  722       4       java.util.Scanner::hasNextLine (75 bytes)

GC Heap History (10 events):
Event: 1.868 GC heap before
{Heap before GC invocations=2 (full 0):
 PSYoungGen      total 38400K, used 35079K [0x0000000795580000, 0x0000000798000000, 0x00000007c0000000)
  eden space 33280K, 100% used [0x0000000795580000,0x0000000797600000,0x0000000797600000)
  from space 5120K, 35% used [0x0000000797600000,0x00000007977c1d20,0x0000000797b00000)
  to   space 5120K, 0% used [0x0000000797b00000,0x0000000797b00000,0x0000000798000000)
 ParOldGen       total 87552K, used 16K [0x0000000740000000, 0x0000000745580000, 0x0000000795580000)
  object space 87552K, 0% used [0x0000000740000000,0x0000000740004000,0x0000000745580000)
 Metaspace       used 6748K, capacity 6915K, committed 7168K, reserved 1056768K
  class space    used 686K, capacity 760K, committed 768K, reserved 1048576K
Event: 1.877 GC heap after
Heap after GC invocations=2 (full 0):
 PSYoungGen      total 38400K, used 1456K [0x0000000795580000, 0x000000079a080000, 0x00000007c0000000)
  eden space 33280K, 0% used [0x0000000795580000,0x0000000795580000,0x0000000797600000)
  from space 5120K, 28% used [0x0000000797b00000,0x0000000797c6c010,0x0000000798000000)
  to   space 5120K, 0% used [0x0000000797600000,0x0000000797600000,0x0000000797b00000)
 ParOldGen       total 87552K, used 24K [0x0000000740000000, 0x0000000745580000, 0x0000000795580000)
  object space 87552K, 0% used [0x0000000740000000,0x0000000740006000,0x0000000745580000)
 Metaspace       used 6748K, capacity 6915K, committed 7168K, reserved 1056768K
  class space    used 686K, capacity 760K, committed 768K, reserved 1048576K
}
Event: 2.305 GC heap before
{Heap before GC invocations=3 (full 0):
 PSYoungGen      total 38400K, used 34736K [0x0000000795580000, 0x000000079a080000, 0x00000007c0000000)
  eden space 33280K, 100% used [0x0000000795580000,0x0000000797600000,0x0000000797600000)
  from space 5120K, 28% used [0x0000000797b00000,0x0000000797c6c010,0x0000000798000000)
  to   space 5120K, 0% used [0x0000000797600000,0x0000000797600000,0x0000000797b00000)
 ParOldGen       total 87552K, used 24K [0x0000000740000000, 0x0000000745580000, 0x0000000795580000)
  object space 87552K, 0% used [0x0000000740000000,0x0000000740006000,0x0000000745580000)
 Metaspace       used 6749K, capacity 6915K, committed 7168K, reserved 1056768K
  class space    used 686K, capacity 760K, committed 768K, reserved 1048576K
Event: 2.312 GC heap after
Heap after GC invocations=3 (full 0):
 PSYoungGen      total 38400K, used 1472K [0x0000000795580000, 0x000000079a080000, 0x00000007c0000000)
  eden space 33280K, 0% used [0x0000000795580000,0x0000000795580000,0x0000000797600000)
  from space 5120K, 28% used [0x0000000797600000,0x0000000797770000,0x0000000797b00000)
  to   space 5120K, 0% used [0x0000000799b80000,0x0000000799b80000,0x000000079a080000)
 ParOldGen       total 87552K, used 32K [0x0000000740000000, 0x0000000745580000, 0x0000000795580000)
  object space 87552K, 0% used [0x0000000740000000,0x0000000740008000,0x0000000745580000)
 Metaspace       used 6749K, capacity 6915K, committed 7168K, reserved 1056768K
  class space    used 686K, capacity 760K, committed 768K, reserved 1048576K
}
Event: 2.681 GC heap before
{Heap before GC invocations=4 (full 0):
 PSYoungGen      total 38400K, used 34752K [0x0000000795580000, 0x000000079a080000, 0x00000007c0000000)
  eden space 33280K, 100% used [0x0000000795580000,0x0000000797600000,0x0000000797600000)
  from space 5120K, 28% used [0x0000000797600000,0x0000000797770000,0x0000000797b00000)
  to   space 5120K, 0% used [0x0000000799b80000,0x0000000799b80000,0x000000079a080000)
 ParOldGen       total 87552K, used 32K [0x0000000740000000, 0x0000000745580000, 0x0000000795580000)
  object space 87552K, 0% used [0x0000000740000000,0x0000000740008000,0x0000000745580000)
 Metaspace       used 6752K, capacity 6915K, committed 7168K, reserved 1056768K
  class space    used 686K, capacity 760K, committed 768K, reserved 1048576K
Event: 2.687 GC heap after
Heap after GC invocations=4 (full 0):
 PSYoungGen      total 71680K, used 1472K [0x0000000795580000, 0x000000079a080000, 0x00000007c0000000)
  eden space 66560K, 0% used [0x0000000795580000,0x0000000795580000,0x0000000799680000)
  from space 5120K, 28% used [0x0000000799b80000,0x0000000799cf0000,0x000000079a080000)
  to   space 5120K, 0% used [0x0000000799680000,0x0000000799680000,0x0000000799b80000)
 ParOldGen       total 87552K, used 40K [0x0000000740000000, 0x0000000745580000, 0x0000000795580000)
  object space 87552K, 0% used [0x0000000740000000,0x000000074000a000,0x0000000745580000)
 Metaspace       used 6752K, capacity 6915K, committed 7168K, reserved 1056768K
  class space    used 686K, capacity 760K, committed 768K, reserved 1048576K
}
Event: 3.254 GC heap before
{Heap before GC invocations=5 (full 0):
 PSYoungGen      total 71680K, used 68032K [0x0000000795580000, 0x000000079a080000, 0x00000007c0000000)
  eden space 66560K, 100% used [0x0000000795580000,0x0000000799680000,0x0000000799680000)
  from space 5120K, 28% used [0x0000000799b80000,0x0000000799cf0000,0x000000079a080000)
  to   space 5120K, 0% used [0x0000000799680000,0x0000000799680000,0x0000000799b80000)
 ParOldGen       total 87552K, used 40K [0x0000000740000000, 0x0000000745580000, 0x0000000795580000)
  object space 87552K, 0% used [0x0000000740000000,0x000000074000a000,0x0000000745580000)
 Metaspace       used 6755K, capacity 6915K, committed 7168K, reserved 1056768K
  class space    used 686K, capacity 760K, committed 768K, reserved 1048576K
Event: 3.262 GC heap after
Heap after GC invocations=5 (full 0):
 PSYoungGen      total 71680K, used 1840K [0x0000000795580000, 0x000000079db80000, 0x00000007c0000000)
  eden space 66560K, 0% used [0x0000000795580000,0x0000000795580000,0x0000000799680000)
  from space 5120K, 35% used [0x0000000799680000,0x000000079984c010,0x0000000799b80000)
  to   space 2048K, 0% used [0x000000079d980000,0x000000079d980000,0x000000079db80000)
 ParOldGen       total 87552K, used 48K [0x0000000740000000, 0x0000000745580000, 0x0000000795580000)
  object space 87552K, 0% used [0x0000000740000000,0x000000074000c000,0x0000000745580000)
 Metaspace       used 6755K, capacity 6915K, committed 7168K, reserved 1056768K
  class space    used 686K, capacity 760K, committed 768K, reserved 1048576K
}
Event: 3.708 GC heap before
{Heap before GC invocations=6 (full 0):
 PSYoungGen      total 71680K, used 68400K [0x0000000795580000, 0x000000079db80000, 0x00000007c0000000)
  eden space 66560K, 100% used [0x0000000795580000,0x0000000799680000,0x0000000799680000)
  from space 5120K, 35% used [0x0000000799680000,0x000000079984c010,0x0000000799b80000)
  to   space 2048K, 0% used [0x000000079d980000,0x000000079d980000,0x000000079db80000)
 ParOldGen       total 87552K, used 48K [0x0000000740000000, 0x0000000745580000, 0x0000000795580000)
  object space 87552K, 0% used [0x0000000740000000,0x000000074000c000,0x0000000745580000)
 Metaspace       used 6755K, capacity 6915K, committed 7168K, reserved 1056768K
  class space    used 686K, capacity 760K, committed 768K, reserved 1048576K
Event: 3.722 GC heap after
Heap after GC invocations=6 (full 0):
 PSYoungGen      total 135168K, used 1856K [0x0000000795580000, 0x000000079db80000, 0x00000007c0000000)
  eden space 133120K, 0% used [0x0000000795580000,0x0000000795580000,0x000000079d780000)
  from space 2048K, 90% used [0x000000079d980000,0x000000079db50000,0x000000079db80000)
  to   space 2048K, 0% used [0x000000079d780000,0x000000079d780000,0x000000079d980000)
 ParOldGen       total 87552K, used 48K [0x0000000740000000, 0x0000000745580000, 0x0000000795580000)
  object space 87552K, 0% used [0x0000000740000000,0x000000074000c000,0x0000000745580000)
 Metaspace       used 6755K, capacity 6915K, committed 7168K, reserved 1056768K
  class space    used 686K, capacity 760K, committed 768K, reserved 1048576K
}

Deoptimization events (3 events):
Event: 1.707 Thread 0x00007fe486806800 Uncommon trap: reason=predicate action=maybe_recompile pc=0x000000010dda6928 method=java.util.regex.Pattern$Curly.match0(Ljava/util/regex/Matcher;IILjava/lang/CharSequence;)Z @ 69
Event: 1.858 Thread 0x00007fe486806800 Uncommon trap: reason=predicate action=maybe_recompile pc=0x000000010ddb84a8 method=java.util.regex.Pattern$Curly.match0(Ljava/util/regex/Matcher;IILjava/lang/CharSequence;)Z @ 69
Event: 2.616 Thread 0x00007fe486806800 Uncommon trap: reason=predicate action=maybe_recompile pc=0x000000010dd9d1c4 method=java.util.AbstractCollection.toArray([Ljava/lang/Object;)[Ljava/lang/Object; @ 49

Internal exceptions (10 events):
Event: 3.755 Thread 0x00007fe486806800 Exception <a 'java/lang/ArrayIndexOutOfBoundsException'> (0x00000007959ff710) thrown at [/Users/java_re/workspace/8-2-build-macosx-x86_64/jdk8u77/6540/hotspot/src/share/vm/runtime/sharedRuntime.cpp, line 605]
Event: 3.755 Thread 0x00007fe486806800 Exception <a 'java/lang/ArrayIndexOutOfBoundsException'> (0x0000000795a05e88) thrown at [/Users/java_re/workspace/8-2-build-macosx-x86_64/jdk8u77/6540/hotspot/src/share/vm/runtime/sharedRuntime.cpp, line 605]
Event: 3.756 Thread 0x00007fe486806800 Exception <a 'java/lang/ArrayIndexOutOfBoundsException'> (0x0000000795a0c600) thrown at [/Users/java_re/workspace/8-2-build-macosx-x86_64/jdk8u77/6540/hotspot/src/share/vm/runtime/sharedRuntime.cpp, line 605]
Event: 3.756 Thread 0x00007fe486806800 Exception <a 'java/lang/ArrayIndexOutOfBoundsException'> (0x0000000795a12d78) thrown at [/Users/java_re/workspace/8-2-build-macosx-x86_64/jdk8u77/6540/hotspot/src/share/vm/runtime/sharedRuntime.cpp, line 605]
Event: 3.756 Thread 0x00007fe486806800 Exception <a 'java/lang/ArrayIndexOutOfBoundsException'> (0x0000000795a194f0) thrown at [/Users/java_re/workspace/8-2-build-macosx-x86_64/jdk8u77/6540/hotspot/src/share/vm/runtime/sharedRuntime.cpp, line 605]
Event: 3.757 Thread 0x00007fe486806800 Exception <a 'java/lang/ArrayIndexOutOfBoundsException'> (0x0000000795a1fc68) thrown at [/Users/java_re/workspace/8-2-build-macosx-x86_64/jdk8u77/6540/hotspot/src/share/vm/runtime/sharedRuntime.cpp, line 605]
Event: 3.757 Thread 0x00007fe486806800 Exception <a 'java/lang/ArrayIndexOutOfBoundsException'> (0x0000000795a263e0) thrown at [/Users/java_re/workspace/8-2-build-macosx-x86_64/jdk8u77/6540/hotspot/src/share/vm/runtime/sharedRuntime.cpp, line 605]
Event: 3.757 Thread 0x00007fe486806800 Exception <a 'java/lang/ArrayIndexOutOfBoundsException'> (0x0000000795a2cb58) thrown at [/Users/java_re/workspace/8-2-build-macosx-x86_64/jdk8u77/6540/hotspot/src/share/vm/runtime/sharedRuntime.cpp, line 605]
Event: 3.757 Thread 0x00007fe486806800 Exception <a 'java/lang/ArrayIndexOutOfBoundsException'> (0x0000000795a332d0) thrown at [/Users/java_re/workspace/8-2-build-macosx-x86_64/jdk8u77/6540/hotspot/src/share/vm/runtime/sharedRuntime.cpp, line 605]
Event: 3.759 Thread 0x00007fe486806800 Exception <a 'java/lang/ArrayIndexOutOfBoundsException'> (0x0000000795a39a48) thrown at [/Users/java_re/workspace/8-2-build-macosx-x86_64/jdk8u77/6540/hotspot/src/share/vm/runtime/sharedRuntime.cpp, line 605]

Events (10 events):
Event: 2.616 Thread 0x00007fe486806800 DEOPT PACKING pc=0x000000010dd9d1c4 sp=0x000070000dc864b0
Event: 2.616 Thread 0x00007fe486806800 DEOPT UNPACKING pc=0x000000010dae0229 sp=0x000070000dc86490 mode 2
Event: 2.681 Executing VM operation: ParallelGCFailedAllocation
Event: 2.687 Executing VM operation: ParallelGCFailedAllocation done
Event: 3.254 Executing VM operation: ParallelGCFailedAllocation
Event: 3.262 Executing VM operation: ParallelGCFailedAllocation done
Event: 3.708 Executing VM operation: ParallelGCFailedAllocation
Event: 3.722 Executing VM operation: ParallelGCFailedAllocation done
Event: 3.781 loading class org/lwjgl/opengl/CallbackUtil
Event: 3.781 loading class org/lwjgl/opengl/CallbackUtil done


Dynamic libraries:
0x0000000026dc4000 	/System/Library/Frameworks/Cocoa.framework/Versions/A/Cocoa
0x0000000026dc4000 	/System/Library/Frameworks/Security.framework/Versions/A/Security
0x0000000026dc4000 	/System/Library/Frameworks/ApplicationServices.framework/Versions/A/ApplicationServices
0x0000000026dc4000 	/usr/lib/libz.1.dylib
0x0000000026dc4000 	/usr/lib/libSystem.B.dylib
0x0000000026dc4000 	/usr/lib/libobjc.A.dylib
0x0000000026dc4000 	/System/Library/Frameworks/CoreFoundation.framework/Versions/A/CoreFoundation
0x0000000026dc4000 	/System/Library/Frameworks/Foundation.framework/Versions/C/Foundation
0x0000000026dc4000 	/System/Library/Frameworks/AppKit.framework/Versions/C/AppKit
0x0000000026dc4000 	/System/Library/Frameworks/CoreData.framework/Versions/A/CoreData
0x0000000026dc4000 	/System/Library/PrivateFrameworks/RemoteViewServices.framework/Versions/A/RemoteViewServices
0x0000000026dc4000 	/System/Library/PrivateFrameworks/UIFoundation.framework/Versions/A/UIFoundation
0x0000000026dc4000 	/usr/lib/libenergytrace.dylib
0x0000000026dc4000 	/System/Library/PrivateFrameworks/SkyLight.framework/Versions/A/SkyLight
0x0000000026dc4000 	/System/Library/Frameworks/CoreGraphics.framework/Versions/A/CoreGraphics
0x0000000026dc4000 	/usr/lib/libScreenReader.dylib
0x0000000026dc4000 	/System/Library/Frameworks/Accelerate.framework/Versions/A/Accelerate
0x0000000026dc4000 	/System/Library/Frameworks/IOSurface.framework/Versions/A/IOSurface
0x0000000026dc4000 	/System/Library/Frameworks/AudioToolbox.framework/Versions/A/AudioToolbox
0x0000000026dc4000 	/System/Library/Frameworks/AudioUnit.framework/Versions/A/AudioUnit
0x0000000026dc4000 	/System/Library/PrivateFrameworks/DataDetectorsCore.framework/Versions/A/DataDetectorsCore
0x0000000026dc4000 	/System/Library/PrivateFrameworks/DesktopServicesPriv.framework/Versions/A/DesktopServicesPriv
0x0000000026dc4000 	/System/Library/Frameworks/Carbon.framework/Versions/A/Frameworks/HIToolbox.framework/Versions/A/HIToolbox
0x0000000026dc4000 	/usr/lib/libicucore.A.dylib
0x0000000026dc4000 	/System/Library/Frameworks/QuartzCore.framework/Versions/A/QuartzCore
0x0000000026dc4000 	/System/Library/Frameworks/Carbon.framework/Versions/A/Frameworks/SpeechRecognition.framework/Versions/A/SpeechRecognition
0x0000000026dc4000 	/usr/lib/libauto.dylib
0x0000000026dc4000 	/usr/lib/libxml2.2.dylib
0x0000000026dc4000 	/System/Library/PrivateFrameworks/CoreUI.framework/Versions/A/CoreUI
0x0000000026dc4000 	/System/Library/Frameworks/CoreAudio.framework/Versions/A/CoreAudio
0x0000000026dc4000 	/System/Library/Frameworks/DiskArbitration.framework/Versions/A/DiskArbitration
0x0000000026dc4000 	/usr/lib/liblangid.dylib
0x0000000026dc4000 	/System/Library/PrivateFrameworks/MultitouchSupport.framework/Versions/A/MultitouchSupport
0x0000000026dc4000 	/System/Library/Frameworks/IOKit.framework/Versions/A/IOKit
0x0000000026dc4000 	/usr/lib/libDiagnosticMessagesClient.dylib
0x0000000026dc4000 	/System/Library/Frameworks/CoreServices.framework/Versions/A/CoreServices
0x0000000026dc4000 	/System/Library/PrivateFrameworks/PerformanceAnalysis.framework/Versions/A/PerformanceAnalysis
0x0000000026dc4000 	/System/Library/PrivateFrameworks/GenerationalStorage.framework/Versions/A/GenerationalStorage
0x0000000026dc4000 	/System/Library/Frameworks/OpenGL.framework/Versions/A/OpenGL
0x0000000026dc4000 	/System/Library/Frameworks/CoreImage.framework/Versions/A/CoreImage
0x0000000026dc4000 	/System/Library/Frameworks/CoreText.framework/Versions/A/CoreText
0x0000000026dc4000 	/System/Library/Frameworks/ImageIO.framework/Versions/A/ImageIO
0x0000000026dc4000 	/System/Library/PrivateFrameworks/Backup.framework/Versions/A/Backup
0x0000000026dc4000 	/usr/lib/libarchive.2.dylib
0x0000000026dc4000 	/System/Library/Frameworks/CFNetwork.framework/Versions/A/CFNetwork
0x0000000026dc4000 	/System/Library/Frameworks/SystemConfiguration.framework/Versions/A/SystemConfiguration
0x0000000026dc4000 	/usr/lib/libCRFSuite.dylib
0x0000000026dc4000 	/usr/lib/libc++.1.dylib
0x0000000026dc4000 	/usr/lib/libc++abi.dylib
0x0000000026dc4000 	/usr/lib/system/libcache.dylib
0x0000000026dc4000 	/usr/lib/system/libcommonCrypto.dylib
0x0000000026dc4000 	/usr/lib/system/libcompiler_rt.dylib
0x0000000026dc4000 	/usr/lib/system/libcopyfile.dylib
0x0000000026dc4000 	/usr/lib/system/libcorecrypto.dylib
0x0000000026dc4000 	/usr/lib/system/libdispatch.dylib
0x0000000026dc4000 	/usr/lib/system/libdyld.dylib
0x0000000026dc4000 	/usr/lib/system/libkeymgr.dylib
0x0000000026dc4000 	/usr/lib/system/liblaunch.dylib
0x0000000026dc4000 	/usr/lib/system/libmacho.dylib
0x0000000026dc4000 	/usr/lib/system/libquarantine.dylib
0x0000000026dc4000 	/usr/lib/system/libremovefile.dylib
0x0000000026dc4000 	/usr/lib/system/libsystem_asl.dylib
0x0000000026dc4000 	/usr/lib/system/libsystem_blocks.dylib
0x0000000026dc4000 	/usr/lib/system/libsystem_c.dylib
0x0000000026dc4000 	/usr/lib/system/libsystem_configuration.dylib
0x0000000026dc4000 	/usr/lib/system/libsystem_coreservices.dylib
0x0000000026dc4000 	/usr/lib/system/libsystem_coretls.dylib
0x0000000026dc4000 	/usr/lib/system/libsystem_dnssd.dylib
0x0000000026dc4000 	/usr/lib/system/libsystem_info.dylib
0x0000000026dc4000 	/usr/lib/system/libsystem_kernel.dylib
0x0000000026dc4000 	/usr/lib/system/libsystem_m.dylib
0x0000000026dc4000 	/usr/lib/system/libsystem_malloc.dylib
0x0000000026dc4000 	/usr/lib/system/libsystem_network.dylib
0x0000000026dc4000 	/usr/lib/system/libsystem_networkextension.dylib
0x0000000026dc4000 	/usr/lib/system/libsystem_notify.dylib
0x0000000026dc4000 	/usr/lib/system/libsystem_platform.dylib
0x0000000026dc4000 	/usr/lib/system/libsystem_pthread.dylib
0x0000000026dc4000 	/usr/lib/system/libsystem_sandbox.dylib
0x0000000026dc4000 	/usr/lib/system/libsystem_secinit.dylib
0x0000000026dc4000 	/usr/lib/system/libsystem_symptoms.dylib
0x0000000026dc4000 	/usr/lib/system/libsystem_trace.dylib
0x0000000026dc4000 	/usr/lib/system/libunwind.dylib
0x0000000026dc4000 	/usr/lib/system/libxpc.dylib
0x0000000026dc4000 	/usr/lib/libbsm.0.dylib
0x0000000026dc4000 	/usr/lib/system/libkxld.dylib
0x0000000026dc4000 	/usr/lib/libcoretls.dylib
0x0000000026dc4000 	/usr/lib/libcoretls_cfhelpers.dylib
0x0000000026dc4000 	/usr/lib/libxar.1.dylib
0x0000000026dc4000 	/usr/lib/libsqlite3.dylib
0x0000000026dc4000 	/usr/lib/libpam.2.dylib
0x0000000026dc4000 	/usr/lib/libOpenScriptingUtil.dylib
0x0000000026dc4000 	/usr/lib/libbz2.1.0.dylib
0x0000000026dc4000 	/usr/lib/liblzma.5.dylib
0x0000000026dc4000 	/usr/lib/libnetwork.dylib
0x0000000026dc4000 	/usr/lib/libpcap.A.dylib
0x0000000026dc4000 	/System/Library/Frameworks/CoreServices.framework/Versions/A/Frameworks/FSEvents.framework/Versions/A/FSEvents
0x0000000026dc4000 	/System/Library/Frameworks/CoreServices.framework/Versions/A/Frameworks/CarbonCore.framework/Versions/A/CarbonCore
0x0000000026dc4000 	/System/Library/Frameworks/CoreServices.framework/Versions/A/Frameworks/Metadata.framework/Versions/A/Metadata
0x0000000026dc4000 	/System/Library/Frameworks/CoreServices.framework/Versions/A/Frameworks/OSServices.framework/Versions/A/OSServices
0x0000000026dc4000 	/System/Library/Frameworks/CoreServices.framework/Versions/A/Frameworks/SearchKit.framework/Versions/A/SearchKit
0x0000000026dc4000 	/System/Library/Frameworks/CoreServices.framework/Versions/A/Frameworks/AE.framework/Versions/A/AE
0x0000000026dc4000 	/System/Library/Frameworks/CoreServices.framework/Versions/A/Frameworks/LaunchServices.framework/Versions/A/LaunchServices
0x0000000026dc4000 	/System/Library/Frameworks/CoreServices.framework/Versions/A/Frameworks/DictionaryServices.framework/Versions/A/DictionaryServices
0x0000000026dc4000 	/System/Library/Frameworks/CoreServices.framework/Versions/A/Frameworks/SharedFileList.framework/Versions/A/SharedFileList
0x0000000026dc4000 	/System/Library/Frameworks/NetFS.framework/Versions/A/NetFS
0x0000000026dc4000 	/System/Library/PrivateFrameworks/NetAuth.framework/Versions/A/NetAuth
0x0000000026dc4000 	/System/Library/PrivateFrameworks/login.framework/Versions/A/Frameworks/loginsupport.framework/Versions/A/loginsupport
0x0000000026dc4000 	/System/Library/PrivateFrameworks/TCC.framework/Versions/A/TCC
0x0000000026dc4000 	/usr/lib/libmecabra.dylib
0x0000000026dc4000 	/System/Library/Frameworks/ApplicationServices.framework/Versions/A/Frameworks/ATS.framework/Versions/A/ATS
0x0000000026dc4000 	/System/Library/Frameworks/ApplicationServices.framework/Versions/A/Frameworks/ColorSync.framework/Versions/A/ColorSync
0x0000000026dc4000 	/System/Library/Frameworks/ApplicationServices.framework/Versions/A/Frameworks/HIServices.framework/Versions/A/HIServices
0x0000000026dc4000 	/System/Library/Frameworks/ApplicationServices.framework/Versions/A/Frameworks/LangAnalysis.framework/Versions/A/LangAnalysis
0x0000000026dc4000 	/System/Library/Frameworks/ApplicationServices.framework/Versions/A/Frameworks/PrintCore.framework/Versions/A/PrintCore
0x0000000026dc4000 	/System/Library/Frameworks/ApplicationServices.framework/Versions/A/Frameworks/QD.framework/Versions/A/QD
0x0000000026dc4000 	/System/Library/Frameworks/ApplicationServices.framework/Versions/A/Frameworks/SpeechSynthesis.framework/Versions/A/SpeechSynthesis
0x0000000026dc4000 	/System/Library/Frameworks/Accelerate.framework/Versions/A/Frameworks/vImage.framework/Versions/A/vImage
0x0000000026dc4000 	/System/Library/Frameworks/Accelerate.framework/Versions/A/Frameworks/vecLib.framework/Versions/A/vecLib
0x0000000026dc4000 	/System/Library/Frameworks/Accelerate.framework/Versions/A/Frameworks/vecLib.framework/Versions/A/libvDSP.dylib
0x0000000026dc4000 	/System/Library/Frameworks/Accelerate.framework/Versions/A/Frameworks/vecLib.framework/Versions/A/libBNNS.dylib
0x0000000026dc4000 	/System/Library/Frameworks/Accelerate.framework/Versions/A/Frameworks/vecLib.framework/Versions/A/libQuadrature.dylib
0x0000000026dc4000 	/System/Library/Frameworks/Accelerate.framework/Versions/A/Frameworks/vecLib.framework/Versions/A/libvMisc.dylib
0x0000000026dc4000 	/System/Library/Frameworks/Accelerate.framework/Versions/A/Frameworks/vecLib.framework/Versions/A/libLAPACK.dylib
0x0000000026dc4000 	/System/Library/Frameworks/Accelerate.framework/Versions/A/Frameworks/vecLib.framework/Versions/A/libBLAS.dylib
0x0000000026dc4000 	/System/Library/Frameworks/Accelerate.framework/Versions/A/Frameworks/vecLib.framework/Versions/A/libLinearAlgebra.dylib
0x0000000026dc4000 	/System/Library/Frameworks/Accelerate.framework/Versions/A/Frameworks/vecLib.framework/Versions/A/libSparseBLAS.dylib
0x0000000026dc4000 	/System/Library/Frameworks/ApplicationServices.framework/Versions/A/Frameworks/ATS.framework/Versions/A/Resources/libFontParser.dylib
0x0000000026dc4000 	/System/Library/Frameworks/ApplicationServices.framework/Versions/A/Frameworks/ATS.framework/Versions/A/Resources/libFontRegistry.dylib
0x0000000026dc4000 	/System/Library/Frameworks/ImageIO.framework/Versions/A/Resources/libJPEG.dylib
0x0000000026dc4000 	/System/Library/Frameworks/ImageIO.framework/Versions/A/Resources/libTIFF.dylib
0x0000000026dc4000 	/System/Library/Frameworks/ImageIO.framework/Versions/A/Resources/libPng.dylib
0x0000000026dc4000 	/System/Library/Frameworks/ImageIO.framework/Versions/A/Resources/libGIF.dylib
0x0000000026dc4000 	/System/Library/Frameworks/ImageIO.framework/Versions/A/Resources/libJP2.dylib
0x0000000026dc4000 	/System/Library/Frameworks/ImageIO.framework/Versions/A/Resources/libRadiance.dylib
0x0000000026dc4000 	/usr/lib/libcompression.dylib
0x0000000026dc4000 	/System/Library/PrivateFrameworks/AppleJPEG.framework/Versions/A/AppleJPEG
0x0000000026dc4000 	/usr/lib/libcups.2.dylib
0x0000000026dc4000 	/System/Library/Frameworks/Kerberos.framework/Versions/A/Kerberos
0x0000000026dc4000 	/System/Library/Frameworks/GSS.framework/Versions/A/GSS
0x0000000026dc4000 	/usr/lib/libresolv.9.dylib
0x0000000026dc4000 	/usr/lib/libiconv.2.dylib
0x0000000026dc4000 	/System/Library/PrivateFrameworks/Heimdal.framework/Versions/A/Heimdal
0x0000000026dc4000 	/usr/lib/libheimdal-asn1.dylib
0x0000000026dc4000 	/System/Library/Frameworks/OpenDirectory.framework/Versions/A/OpenDirectory
0x0000000026dc4000 	/System/Library/PrivateFrameworks/CommonAuth.framework/Versions/A/CommonAuth
0x0000000026dc4000 	/System/Library/Frameworks/OpenDirectory.framework/Versions/A/Frameworks/CFOpenDirectory.framework/Versions/A/CFOpenDirectory
0x0000000026dc4000 	/System/Library/Frameworks/SecurityFoundation.framework/Versions/A/SecurityFoundation
0x0000000026dc4000 	/System/Library/PrivateFrameworks/LanguageModeling.framework/Versions/A/LanguageModeling
0x0000000026dc4000 	/usr/lib/libmarisa.dylib
0x0000000026dc4000 	/usr/lib/libChineseTokenizer.dylib
0x0000000026dc4000 	/usr/lib/libcmph.dylib
0x0000000026dc4000 	/System/Library/PrivateFrameworks/CoreEmoji.framework/Versions/A/CoreEmoji
0x0000000026dc4000 	/System/Library/Frameworks/ServiceManagement.framework/Versions/A/ServiceManagement
0x0000000026dc4000 	/usr/lib/libxslt.1.dylib
0x0000000026dc4000 	/System/Library/Frameworks/Carbon.framework/Versions/A/Frameworks/Ink.framework/Versions/A/Ink
0x0000000026dc4000 	/System/Library/PrivateFrameworks/TextureIO.framework/Versions/A/TextureIO
0x0000000026dc4000 	/System/Library/Frameworks/Metal.framework/Versions/A/Metal
0x0000000026dc4000 	/usr/lib/libate.dylib
0x0000000026dc4000 	/System/Library/PrivateFrameworks/GPUCompiler.framework/libmetal_timestamp.dylib
0x0000000026dc4000 	/System/Library/Frameworks/OpenGL.framework/Versions/A/Libraries/libCoreFSCache.dylib
0x0000000026dc4000 	/System/Library/PrivateFrameworks/IOAccelerator.framework/Versions/A/IOAccelerator
0x0000000026dc4000 	/System/Library/Frameworks/CoreVideo.framework/Versions/A/CoreVideo
0x0000000026dc4000 	/usr/lib/libFosl_dynamic.dylib
0x0000000026dc4000 	/System/Library/PrivateFrameworks/MetalPerformanceShaders.framework/Versions/A/MetalPerformanceShaders
0x0000000026dc4000 	/System/Library/PrivateFrameworks/FaceCore.framework/Versions/A/FaceCore
0x0000000026dc4000 	/System/Library/Frameworks/OpenCL.framework/Versions/A/OpenCL
0x0000000026dc4000 	/System/Library/Frameworks/OpenGL.framework/Versions/A/Libraries/libGLU.dylib
0x0000000026dc4000 	/System/Library/Frameworks/OpenGL.framework/Versions/A/Libraries/libGFXShared.dylib
0x0000000026dc4000 	/System/Library/Frameworks/OpenGL.framework/Versions/A/Libraries/libGL.dylib
0x0000000026dc4000 	/System/Library/Frameworks/OpenGL.framework/Versions/A/Libraries/libGLImage.dylib
0x0000000026dc4000 	/System/Library/Frameworks/OpenGL.framework/Versions/A/Libraries/libCVMSPluginSupport.dylib
0x0000000026dc4000 	/System/Library/Frameworks/OpenGL.framework/Versions/A/Libraries/libCoreVMClient.dylib
0x0000000026dc4000 	/System/Library/PrivateFrameworks/CrashReporterSupport.framework/Versions/A/CrashReporterSupport
0x0000000026dc4000 	/System/Library/PrivateFrameworks/Sharing.framework/Versions/A/Sharing
0x0000000026dc4000 	/System/Library/PrivateFrameworks/IconServices.framework/Versions/A/IconServices
0x0000000026dc4000 	/System/Library/PrivateFrameworks/ProtocolBuffer.framework/Versions/A/ProtocolBuffer
0x0000000026dc4000 	/System/Library/PrivateFrameworks/Apple80211.framework/Versions/A/Apple80211
0x0000000026dc4000 	/System/Library/Frameworks/CoreWLAN.framework/Versions/A/CoreWLAN
0x0000000026dc4000 	/System/Library/PrivateFrameworks/CoreUtils.framework/Versions/A/CoreUtils
0x0000000026dc4000 	/System/Library/Frameworks/IOBluetooth.framework/Versions/A/IOBluetooth
0x0000000026dc4000 	/System/Library/PrivateFrameworks/CoreWiFi.framework/Versions/A/CoreWiFi
0x0000000026dc4000 	/System/Library/Frameworks/CoreBluetooth.framework/Versions/A/CoreBluetooth
0x0000000026dc4000 	/System/Library/Frameworks/CoreDisplay.framework/Versions/A/CoreDisplay
0x0000000026dc4000 	/System/Library/PrivateFrameworks/IOPresentment.framework/Versions/A/IOPresentment
0x0000000026dc4000 	/System/Library/PrivateFrameworks/DebugSymbols.framework/Versions/A/DebugSymbols
0x0000000026dc4000 	/System/Library/PrivateFrameworks/CoreSymbolication.framework/Versions/A/CoreSymbolication
0x0000000026dc4000 	/System/Library/PrivateFrameworks/Symbolication.framework/Versions/A/Symbolication
0x0000000026dc4000 	/System/Library/PrivateFrameworks/AppleFSCompression.framework/Versions/A/AppleFSCompression
0x0000000026dc4000 	/System/Library/PrivateFrameworks/SpeechRecognitionCore.framework/Versions/A/SpeechRecognitionCore
0x0000000026dc4000 	/System/Library/PrivateFrameworks/ChunkingLibrary.framework/Versions/A/ChunkingLibrary
0x000000010a0c4000 	/Library/Java/JavaVirtualMachines/jdk1.8.0_77.jdk/Contents/Home/jre/lib/server/libjvm.dylib
0x0000000026dc4000 	/usr/lib/libstdc++.6.dylib
0x000000010b053000 	/Library/Java/JavaVirtualMachines/jdk1.8.0_77.jdk/Contents/Home/jre/lib/libverify.dylib
0x000000010b061000 	/Library/Java/JavaVirtualMachines/jdk1.8.0_77.jdk/Contents/Home/jre/lib/libjava.dylib
0x000000010b0a0000 	/Library/Java/JavaVirtualMachines/jdk1.8.0_77.jdk/Contents/Home/jre/lib/libzip.dylib
0x000000010da21000 	/System/Library/Frameworks/JavaVM.framework/Frameworks/JavaRuntimeSupport.framework/JavaRuntimeSupport
0x000000010b1eb000 	/System/Library/Frameworks/JavaVM.framework/Versions/A/Frameworks/JavaNativeFoundation.framework/Versions/A/JavaNativeFoundation
0x000000010da3b000 	/System/Library/Frameworks/JavaVM.framework/Versions/A/JavaVM
0x0000000026dc4000 	/System/Library/Frameworks/Carbon.framework/Versions/A/Carbon
0x00000001212db000 	/System/Library/PrivateFrameworks/JavaLaunching.framework/Versions/A/JavaLaunching
0x0000000026dc4000 	/System/Library/Frameworks/Carbon.framework/Versions/A/Frameworks/CommonPanels.framework/Versions/A/CommonPanels
0x0000000026dc4000 	/System/Library/Frameworks/Carbon.framework/Versions/A/Frameworks/Help.framework/Versions/A/Help
0x0000000026dc4000 	/System/Library/Frameworks/Carbon.framework/Versions/A/Frameworks/ImageCapture.framework/Versions/A/ImageCapture
0x0000000026dc4000 	/System/Library/Frameworks/Carbon.framework/Versions/A/Frameworks/OpenScripting.framework/Versions/A/OpenScripting
0x0000000026dc4000 	/System/Library/Frameworks/Carbon.framework/Versions/A/Frameworks/Print.framework/Versions/A/Print
0x0000000026dc4000 	/System/Library/Frameworks/Carbon.framework/Versions/A/Frameworks/SecurityHI.framework/Versions/A/SecurityHI
0x0000000122c12000 	/Library/Java/JavaVirtualMachines/jdk1.8.0_77.jdk/Contents/Home/jre/lib/libawt.dylib
0x0000000122cba000 	/Library/Java/JavaVirtualMachines/jdk1.8.0_77.jdk/Contents/Home/jre/lib/./libmlib_image.dylib
0x0000000122d86000 	/Library/Java/JavaVirtualMachines/jdk1.8.0_77.jdk/Contents/Home/jre/lib/libawt_lwawt.dylib
0x0000000122e3b000 	/Library/Java/JavaVirtualMachines/jdk1.8.0_77.jdk/Contents/Home/jre/lib/./libosxapp.dylib
0x0000000026dc4000 	/System/Library/Frameworks/ExceptionHandling.framework/Versions/A/ExceptionHandling
0x0000000026dc4000 	/System/Library/PrivateFrameworks/CoreServicesInternal.framework/Versions/A/CoreServicesInternal
0x0000000026dc4000 	/System/Library/CoreServices/RawCamera.bundle/Contents/MacOS/RawCamera
0x0000000026dc4000 	/System/Library/Frameworks/Accelerate.framework/Versions/A/Frameworks/vImage.framework/Versions/A/Libraries/libCGInterfaces.dylib
0x0000000026dc4000 	/System/Library/Frameworks/ApplicationServices.framework/Versions/A/Frameworks/ATS.framework/Versions/A/Resources/libTrueTypeScaler.dylib
0x0000000026dc4000 	/System/Library/Frameworks/OpenGL.framework/Versions/A/Resources/GLEngine.bundle/GLEngine
0x0000000026dc4000 	/System/Library/Frameworks/OpenGL.framework/Versions/A/Libraries/libGLProgrammability.dylib
0x0000000124dd7000 	/System/Library/Extensions/AppleIntelBDWGraphicsGLDriver.bundle/Contents/MacOS/AppleIntelBDWGraphicsGLDriver
0x0000000026dc4000 	/System/Library/PrivateFrameworks/GPUSupport.framework/Versions/A/Libraries/libGPUSupportMercury.dylib
0x0000000026dc4000 	/System/Library/Frameworks/OpenGL.framework/Versions/A/Resources/GLRendererFloat.bundle/GLRendererFloat
0x0000000026dc4000 	/System/Library/Frameworks/OpenCL.framework/Versions/A/Libraries/libcldcpuengine.dylib
0x0000000026dc4000 	/usr/lib/libcrypto.0.9.8.dylib
0x0000000026dc4000 	/System/Library/PrivateFrameworks/TrustEvaluationAgent.framework/Versions/A/TrustEvaluationAgent
0x0000000125551000 	/System/Library/Extensions/AppleIntelBDWGraphicsMTLDriver.bundle/Contents/MacOS/AppleIntelBDWGraphicsMTLDriver
0x0000000026dc4000 	/System/Library/PrivateFrameworks/FamilyControls.framework/Versions/A/FamilyControls
0x0000000026dc4000 	/System/Library/PrivateFrameworks/CommerceKit.framework/Versions/A/Frameworks/CommerceCore.framework/Versions/A/CommerceCore
0x0000000026dc4000 	/System/Library/PrivateFrameworks/SystemAdministration.framework/Versions/A/SystemAdministration
0x0000000026dc4000 	/System/Library/PrivateFrameworks/AppContainer.framework/Versions/A/AppContainer
0x0000000026dc4000 	/System/Library/PrivateFrameworks/SecCodeWrapper.framework/Versions/A/SecCodeWrapper
0x0000000026dc4000 	/System/Library/Frameworks/DirectoryService.framework/Versions/A/DirectoryService
0x0000000026dc4000 	/System/Library/PrivateFrameworks/DiskImages.framework/Versions/A/DiskImages
0x0000000026dc4000 	/System/Library/PrivateFrameworks/LoginUIKit.framework/Versions/A/Frameworks/LoginUICore.framework/Versions/A/LoginUICore
0x0000000026dc4000 	/usr/lib/libCoreStorage.dylib
0x0000000026dc4000 	/usr/lib/libcsfde.dylib
0x0000000026dc4000 	/usr/lib/libodfde.dylib
0x0000000026dc4000 	/System/Library/Frameworks/DiscRecording.framework/Versions/A/DiscRecording
0x0000000026dc4000 	/usr/lib/libcurl.4.dylib
0x0000000026dc4000 	/System/Library/PrivateFrameworks/MediaKit.framework/Versions/A/MediaKit
0x0000000026dc4000 	/System/Library/PrivateFrameworks/ProtectedCloudStorage.framework/Versions/A/ProtectedCloudStorage
0x0000000026dc4000 	/System/Library/PrivateFrameworks/EFILogin.framework/Versions/A/EFILogin
0x0000000026dc4000 	/usr/lib/libutil.dylib
0x0000000026dc4000 	/System/Library/Frameworks/LDAP.framework/Versions/A/LDAP
0x0000000026dc4000 	/usr/lib/libsasl2.2.dylib
0x0000000026dc4000 	/System/Library/PrivateFrameworks/CoreDaemon.framework/Versions/B/CoreDaemon
0x0000000026dc4000 	/System/Library/PrivateFrameworks/AppleSRP.framework/Versions/A/AppleSRP
0x0000000026dc4000 	/System/Library/PrivateFrameworks/APFS.framework/Versions/A/APFS
0x00000001269dc000 	/Library/Java/JavaVirtualMachines/jdk1.8.0_77.jdk/Contents/Home/jre/lib/libfontmanager.dylib
0x0000000126a43000 	/Users/andyliang/Downloads/lwjgl-2.9.2/native/macosx/liblwjgl.dylib
0x0000000123cf5000 	/Library/Java/JavaVirtualMachines/jdk1.8.0_77.jdk/Contents/Home/jre/lib/libjawt.dylib
0x0000000127cab000 	/Library/Java/JavaVirtualMachines/jdk1.8.0_77.jdk/Contents/Home/jre/lib/libnet.dylib
0x0000000127cc2000 	/Library/Java/JavaVirtualMachines/jdk1.8.0_77.jdk/Contents/Home/jre/lib/libnio.dylib
0x0000000026dc4000 	/System/Library/PrivateFrameworks/ViewBridge.framework/Versions/A/ViewBridge
0x0000000026dc4000 	/System/Library/PrivateFrameworks/XPCService.framework/Versions/A/XPCService
0x0000000026dc4000 	/System/Library/PrivateFrameworks/AppSandbox.framework/Versions/A/AppSandbox
0x0000000026dc4000 	/usr/lib/libsandbox.1.dylib
0x0000000026dc4000 	/usr/lib/libMatch.1.dylib

VM Arguments:
jvm_args: -Dfile.encoding=UTF-8 -Djava.library.path=/Users/andyliang/Downloads/lwjgl-2.9.2/native/macosx 
java_command: program.pkg2.Program2
java_class_path (initial): /Users/andyliang/Downloads/lwjgl-2.9.2/jar/jinput.jar:/Users/andyliang/Downloads/lwjgl-2.9.2/jar/lwjgl.jar:/Users/andyliang/Downloads/lwjgl-2.9.2/jar/lwjgl_util.jar:/Users/andyliang/Downloads/lwjgl-2.9.2/jar/AppleJavaExtensions.jar:/Users/andyliang/Downloads/lwjgl-2.9.2/jar/asm-debug-all.jar:/Users/andyliang/Downloads/lwjgl-2.9.2/jar/lwjgl-debug.jar:/Users/andyliang/Downloads/lwjgl-2.9.2/jar/lwjgl_test.jar:/Users/andyliang/Downloads/lwjgl-2.9.2/jar/lwjgl_util_applet.jar:/Users/andyliang/Downloads/lwjgl-2.9.2/jar/lzma.jar:/Users/andyliang/Desktop/CS445/Program 2/build/classes
Launcher Type: SUN_STANDARD

Environment Variables:
PATH=/usr/bin:/bin:/usr/sbin:/sbin
LD_LIBRARY_PATH=/Library/Java/JavaVirtualMachines/jdk1.8.0_77.jdk/Contents/Home/jre/lib/amd64:/Library/Java/JavaVirtualMachines/jdk1.8.0_77.jdk/Contents/Home/jre/lib/i386:
SHELL=/bin/bash

Signal Handlers:
SIGSEGV: [libjvm.dylib+0x5a6855], sa_mask[0]=11111111011111110111111111111111, sa_flags=SA_ONSTACK|SA_RESTART|SA_SIGINFO
SIGBUS: [libjvm.dylib+0x5a6855], sa_mask[0]=11111111011111110111111111111111, sa_flags=SA_RESTART|SA_SIGINFO
SIGFPE: [libjvm.dylib+0x4804ec], sa_mask[0]=11111111011111110111111111111111, sa_flags=SA_RESTART|SA_SIGINFO
SIGPIPE: [libjvm.dylib+0x4804ec], sa_mask[0]=11111111011111110111111111111111, sa_flags=SA_RESTART|SA_SIGINFO
SIGXFSZ: [libjvm.dylib+0x4804ec], sa_mask[0]=11111111011111110111111111111111, sa_flags=SA_RESTART|SA_SIGINFO
SIGILL: [libjvm.dylib+0x4804ec], sa_mask[0]=11111111011111110111111111111111, sa_flags=SA_RESTART|SA_SIGINFO
SIGUSR1: SIG_DFL, sa_mask[0]=00000000000000000000000000000000, sa_flags=none
SIGUSR2: [libjvm.dylib+0x48000a], sa_mask[0]=00100000000000000000000000000000, sa_flags=SA_RESTART|SA_SIGINFO
SIGHUP: [libjvm.dylib+0x47e5e1], sa_mask[0]=11111111011111110111111111111111, sa_flags=SA_RESTART|SA_SIGINFO
SIGINT: SIG_IGN, sa_mask[0]=00000000000000000000000000000000, sa_flags=none
SIGTERM: [libjvm.dylib+0x47e5e1], sa_mask[0]=11111111011111110111111111111111, sa_flags=SA_RESTART|SA_SIGINFO
SIGQUIT: [libjvm.dylib+0x47e5e1], sa_mask[0]=11111111011111110111111111111111, sa_flags=SA_RESTART|SA_SIGINFO


---------------  S Y S T E M  ---------------

OS:Bsduname:Darwin 16.0.0 Darwin Kernel Version 16.0.0: Mon Aug 29 17:56:20 PDT 2016; root:xnu-3789.1.32~3/RELEASE_X86_64 x86_64
rlimit: STACK 8192k, CORE 0k, NPROC 709, NOFILE 10240, AS infinity
load average:1.65 1.55 1.54

CPU:total 4 (2 cores per cpu, 2 threads per core) family 6 model 61 stepping 4, cmov, cx8, fxsr, mmx, sse, sse2, sse3, ssse3, sse4.1, sse4.2, popcnt, avx, avx2, aes, clmul, erms, 3dnowpref, lzcnt, ht, tsc, tscinvbit, bmi1, bmi2, adx

Memory: 4k page, physical 8388608k(80196k free)

/proc/meminfo:


vm_info: Java HotSpot(TM) 64-Bit Server VM (25.77-b03) for bsd-amd64 JRE (1.8.0_77-b03), built on Mar 20 2016 22:14:03 by "java_re" with gcc 4.2.1 (Based on Apple Inc. build 5658) (LLVM build 2336.11.00)

time: Fri Apr 21 18:55:01 2017
elapsed time: 3 seconds (0d 0h 0m 3s)

